###run camera: 0
###run camera: 3
###run camera: 1
###run camera: 2
video_st_index: 0
codecid: 27
pCodecCtx->width, pCodecCtx->height: 1920, 1080
video_st_index: 0
codecid: 27
pCodecCtx->width, pCodecCtx->height: 1920, 1080
camera: 1, decode time cost: 59.496609
camera: 2, decode time cost: 44.246834
video_st_index: 0
codecid: 27
pCodecCtx->width, pCodecCtx->height: 1920, 1080
camera: 1, decode time cost: 16.984837
camera: 2, decode time cost: 21.305285
camera: 1, decode time cost: 15.214263
camera: 1, decode time cost: 13.717420
camera: 2, decode time cost: 14.300175
camera: 2, decode time cost: 13.958050
camera: 0, decode time cost: 46.256271
camera: 1, decode time cost: 18.269964
camera: 2, decode time cost: 14.367177
camera: 1, decode time cost: 12.667817
video_st_index: 0
codecid: 27
pCodecCtx->width, pCodecCtx->height: 1920, 1080
camera: 0, decode time cost: 23.937189
camera: 2, decode time cost: 14.873242
camera: 1, decode time cost: 17.284338
camera: 0, decode time cost: 16.480635
camera: 2, decode time cost: 14.239700
camera: 1, decode time cost: 12.991983
camera: 2, decode time cost: 14.423378
camera: 0, decode time cost: 15.321485
camera: 1, decode time cost: 15.921543
camera: 2, decode time cost: 14.347012
camera: 0, decode time cost: 16.002914
camera: 1, decode time cost: 13.107855
camera: 2, decode time cost: 14.092255
camera: 0, decode time cost: 15.382362
camera: 3, decode time cost: 64.927849
camera: 1, decode time cost: 16.451321
camera: 2, decode time cost: 14.814705
camera: 0, decode time cost: 15.896612
camera: 1, decode time cost: 13.642905
camera: 3, decode time cost: 22.042418
camera: 2, decode time cost: 14.850802
camera: 0, decode time cost: 16.313890
camera: 1, decode time cost: 16.454552
camera: 3, decode time cost: 13.812898
camera: 2, decode time cost: 14.575977
camera: 0, decode time cost: 16.375771
camera: 1, decode time cost: 15.901080
camera: 3, decode time cost: 16.335932
camera: 2, decode time cost: 14.525005
camera: 1, decode time cost: 13.508040
camera: 0, decode time cost: 17.235550
camera: 3, decode time cost: 15.508677
camera: 2, decode time cost: 14.623255
camera: 1, decode time cost: 16.411945
camera: 0, decode time cost: 15.892723
camera: 3, decode time cost: 15.232315
camera: 2, decode time cost: 14.655860
camera: 1, decode time cost: 13.561840
camera: 0, decode time cost: 16.162420
camera: 3, decode time cost: 15.658340
camera: 2, decode time cost: 14.324950
camera: 1, decode time cost: 16.285686
camera: 2, decode time cost: 14.249315
camera: 0, decode time cost: 16.287601
camera: 3, decode time cost: 15.339672
camera: 1, decode time cost: 13.746740
camera: 2, decode time cost: 14.580802
camera: 0, decode time cost: 15.855518
camera: 3, decode time cost: 15.831578
camera: 1, decode time cost: 16.206640
camera: 2, decode time cost: 14.555562
camera: 3, decode time cost: 14.057918
camera: 0, decode time cost: 16.168850
camera: 1, decode time cost: 15.333880
camera: 2, decode time cost: 14.277920
camera: 3, decode time cost: 17.264498
camera: 0, decode time cost: 15.730440
camera: 1, decode time cost: 15.595510
camera: 2, decode time cost: 14.552600
camera: 3, decode time cost: 14.615408
camera: 0, decode time cost: 16.349094
camera: 1, decode time cost: 13.610173
camera: 2, decode time cost: 14.715418
camera: 3, decode time cost: 14.987392
camera: 0, decode time cost: 16.030935
camera: 2, decode time cost: 14.509277
camera: 1, decode time cost: 18.974112
camera: 3, decode time cost: 14.458577
camera: 0, decode time cost: 16.291185
camera: 2, decode time cost: 14.515990
camera: 1, decode time cost: 13.386275
camera: 3, decode time cost: 14.784745
camera: 0, decode time cost: 16.719917
camera: 1, decode time cost: 13.715160
camera: 2, decode time cost: 14.642038
camera: 3, decode time cost: 14.502323
camera: 0, decode time cost: 16.286354
camera: 2, decode time cost: 14.027515
camera: 1, decode time cost: 15.750128
camera: 3, decode time cost: 14.518072
camera: 2, decode time cost: 14.421680
camera: 1, decode time cost: 13.491977
camera: 0, decode time cost: 15.885465
camera: 3, decode time cost: 14.665537
camera: 2, decode time cost: 14.186758
camera: 1, decode time cost: 15.717990
camera: 0, decode time cost: 15.946325
camera: 3, decode time cost: 14.555958
camera: 2, decode time cost: 14.332405
camera: 1, decode time cost: 15.119655
camera: 0, decode time cost: 15.749393
camera: 3, decode time cost: 16.574558
camera: 0, decode time cost: 15.104505
camera: 3, decode time cost: 12.558650
camera: 0, decode time cost: 14.685410
camera: 3, decode time cost: 15.119835
camera: 2, decode time cost: 40.819000
camera: 3, decode time cost: 12.503970
camera: 0, decode time cost: 15.072012
camera: 2, decode time cost: 17.759010
camera: 3, decode time cost: 15.426953
camera: 0, decode time cost: 14.949122
camera: 2, decode time cost: 14.773225
camera: 3, decode time cost: 14.839608
camera: 0, decode time cost: 15.282515
camera: 2, decode time cost: 14.367492
camera: 0, decode time cost: 15.446455
camera: 3, decode time cost: 17.380842
camera: 2, decode time cost: 13.865115
camera: 3, decode time cost: 12.191767
camera: 2, decode time cost: 13.853588
camera: 3, decode time cost: 16.233255
camera: 2, decode time cost: 13.972447
camera: 3, decode time cost: 13.041320
camera: 0, decode time cost: 42.286297
camera: 2, decode time cost: 14.361868
camera: 3, decode time cost: 13.258080
camera: 0, decode time cost: 17.590923
camera: 0, decode time cost: 15.149298
camera: 0, decode time cost: 14.701255
camera: 0, decode time cost: 15.156070
camera: 2, decode time cost: 13.851680
camera: 0, decode time cost: 14.950455
camera: 1, decode time cost: 73.262657
camera: 0, decode time cost: 15.239610
camera: 1, decode time cost: 16.851883
camera: 0, decode time cost: 14.951197
camera: 1, decode time cost: 12.924205
camera: 0, decode time cost: 15.106215
camera: 1, decode time cost: 13.441920
camera: 2, decode time cost: 13.771850
camera: 1, decode time cost: 15.836335
camera: 0, decode time cost: 15.057880
camera: 2, decode time cost: 13.491585
camera: 1, decode time cost: 12.278577
camera: 0, decode time cost: 14.908265
camera: 3, decode time cost: 88.786087
camera: 2, decode time cost: 13.511345
camera: 3, decode time cost: 16.300341
camera: 1, decode time cost: 11.865898
camera: 3, decode time cost: 13.248812
camera: 3, decode time cost: 13.824387
camera: 0, decode time cost: 15.144585
camera: 2, decode time cost: 13.210197
camera: 3, decode time cost: 12.688183
camera: 1, decode time cost: 12.544132
camera: 0, decode time cost: 15.127270
camera: 3, decode time cost: 13.156015
camera: 2, decode time cost: 13.169375
camera: 1, decode time cost: 12.404820
camera: 0, decode time cost: 15.350668
camera: 2, decode time cost: 13.655192
camera: 3, decode time cost: 12.943970
camera: 1, decode time cost: 13.666922
camera: 0, decode time cost: 15.381945
camera: 3, decode time cost: 12.359217
camera: 2, decode time cost: 13.509982
camera: 1, decode time cost: 12.769260
camera: 0, decode time cost: 14.647290
camera: 3, decode time cost: 12.570168
camera: 2, decode time cost: 13.460990
camera: 1, decode time cost: 13.059385
camera: 0, decode time cost: 14.812510
camera: 3, decode time cost: 12.261542
camera: 2, decode time cost: 13.602903
camera: 1, decode time cost: 12.744462
camera: 0, decode time cost: 14.348963
camera: 2, decode time cost: 13.698720
camera: 3, decode time cost: 12.912522
camera: 1, decode time cost: 12.702723
camera: 0, decode time cost: 14.937645
camera: 3, decode time cost: 12.505107
camera: 2, decode time cost: 13.505203
camera: 1, decode time cost: 12.882315
camera: 0, decode time cost: 14.641192
camera: 2, decode time cost: 13.938343
camera: 3, decode time cost: 14.026690
camera: 1, decode time cost: 14.188363
camera: 0, decode time cost: 14.544337
camera: 3, decode time cost: 12.845492
camera: 2, decode time cost: 13.254500
camera: 1, decode time cost: 12.200400
camera: 0, decode time cost: 14.496580
camera: 3, decode time cost: 13.265950
camera: 2, decode time cost: 13.261873
camera: 1, decode time cost: 12.554030
camera: 0, decode time cost: 14.599047
camera: 3, decode time cost: 14.051625
camera: 2, decode time cost: 13.287468
camera: 1, decode time cost: 13.356228
camera: 0, decode time cost: 14.952593
camera: 2, decode time cost: 13.250500
camera: 3, decode time cost: 13.856117
camera: 1, decode time cost: 12.356047
camera: 0, decode time cost: 14.539020
camera: 2, decode time cost: 13.142610
camera: 3, decode time cost: 17.805748
camera: 1, decode time cost: 13.648755
camera: 0, decode time cost: 14.891120
camera: 2, decode time cost: 13.219997
camera: 3, decode time cost: 13.183150
camera: 1, decode time cost: 13.478512
camera: 0, decode time cost: 14.970252
camera: 3, decode time cost: 12.994538
camera: 2, decode time cost: 13.115280
camera: 1, decode time cost: 13.121270
camera: 2, decode time cost: 13.523247
camera: 0, decode time cost: 15.272630
camera: 3, decode time cost: 13.373942
camera: 1, decode time cost: 13.923870
camera: 0, decode time cost: 14.965702
camera: 2, decode time cost: 13.372357
camera: 3, decode time cost: 13.111915
camera: 0, decode time cost: 15.298552
camera: 3, decode time cost: 13.931117
camera: 2, decode time cost: 40.699593
camera: 3, decode time cost: 13.017283
camera: 2, decode time cost: 17.120672
camera: 0, decode time cost: 42.748421
camera: 0, decode time cost: 17.004929
camera: 2, decode time cost: 14.262883
camera: 1, decode time cost: 71.031647
camera: 1, decode time cost: 14.298160
camera: 0, decode time cost: 15.439215
camera: 1, decode time cost: 13.933390
camera: 2, decode time cost: 14.181970
camera: 1, decode time cost: 13.740007
camera: 1, decode time cost: 13.686785
camera: 0, decode time cost: 15.181192
camera: 2, decode time cost: 13.960185
camera: 3, decode time cost: 72.105423
camera: 1, decode time cost: 14.228998
camera: 0, decode time cost: 15.464698
camera: 3, decode time cost: 15.891868
camera: 2, decode time cost: 14.293822
camera: 3, decode time cost: 12.836222
camera: 3, decode time cost: 14.617042
camera: 1, decode time cost: 13.800450
camera: 0, decode time cost: 14.986137
camera: 3, decode time cost: 13.179510
camera: 2, decode time cost: 13.831145
camera: 1, decode time cost: 14.041643
camera: 0, decode time cost: 15.074102
camera: 3, decode time cost: 13.009507
camera: 2, decode time cost: 13.593472
camera: 1, decode time cost: 13.801193
camera: 0, decode time cost: 14.925510
camera: 3, decode time cost: 12.838595
camera: 2, decode time cost: 13.811683
camera: 1, decode time cost: 13.230945
camera: 0, decode time cost: 15.066418
camera: 3, decode time cost: 12.257207
camera: 2, decode time cost: 13.746095
camera: 1, decode time cost: 14.244133
camera: 0, decode time cost: 15.285252
camera: 2, decode time cost: 13.488020
camera: 3, decode time cost: 12.672787
camera: 1, decode time cost: 13.182620
camera: 0, decode time cost: 14.823875
camera: 3, decode time cost: 13.759820
camera: 2, decode time cost: 13.446928
camera: 1, decode time cost: 13.220928
camera: 0, decode time cost: 14.635127
camera: 2, decode time cost: 13.650783
camera: 3, decode time cost: 13.219225
camera: 1, decode time cost: 13.290507
camera: 0, decode time cost: 14.480932
camera: 3, decode time cost: 14.760850
camera: 2, decode time cost: 13.478000
camera: 1, decode time cost: 13.075875
camera: 0, decode time cost: 14.902825
camera: 2, decode time cost: 13.560498
camera: 3, decode time cost: 13.862785
camera: 1, decode time cost: 14.558200
camera: 0, decode time cost: 14.701970
camera: 3, decode time cost: 13.805680
camera: 2, decode time cost: 13.697120
camera: 1, decode time cost: 12.943072
camera: 0, decode time cost: 14.799505
camera: 2, decode time cost: 13.653038
camera: 3, decode time cost: 18.513468
camera: 1, decode time cost: 13.512442
camera: 0, decode time cost: 14.750953
camera: 3, decode time cost: 12.534310
camera: 2, decode time cost: 13.679003
camera: 1, decode time cost: 13.334162
camera: 0, decode time cost: 14.751132
camera: 3, decode time cost: 16.653080
camera: 2, decode time cost: 13.241517
camera: 1, decode time cost: 13.616385
camera: 0, decode time cost: 14.759340
camera: 3, decode time cost: 12.114842
camera: 2, decode time cost: 13.479415
camera: 1, decode time cost: 13.511180
camera: 0, decode time cost: 14.570015
camera: 2, decode time cost: 13.302512
camera: 3, decode time cost: 15.887862
camera: 1, decode time cost: 13.558020
camera: 3, decode time cost: 12.270067
camera: 0, decode time cost: 14.922570
camera: 2, decode time cost: 13.511580
camera: 1, decode time cost: 13.308637
camera: 0, decode time cost: 14.814647
camera: 2, decode time cost: 13.526697
camera: 3, decode time cost: 15.658312
camera: 1, decode time cost: 14.787057
camera: 0, decode time cost: 14.570297
camera: 3, decode time cost: 12.224457
camera: 2, decode time cost: 13.208348
camera: 1, decode time cost: 13.157792
camera: 0, decode time cost: 14.548880
camera: 3, decode time cost: 15.341365
camera: 2, decode time cost: 13.253230
camera: 1, decode time cost: 14.371757
camera: 0, decode time cost: 14.684498
camera: 3, decode time cost: 14.735850
camera: 2, decode time cost: 13.232727
camera: 1, decode time cost: 13.070682
camera: 0, decode time cost: 14.787842
camera: 2, decode time cost: 13.278110
camera: 3, decode time cost: 14.782850
camera: 1, decode time cost: 14.091372
camera: 0, decode time cost: 14.929162
camera: 3, decode time cost: 15.116257
camera: 2, decode time cost: 13.253253
camera: 1, decode time cost: 13.893247
camera: 0, decode time cost: 14.924810
camera: 2, decode time cost: 13.000945
camera: 3, decode time cost: 14.890660
camera: 1, decode time cost: 13.997763
camera: 0, decode time cost: 14.824317
camera: 3, decode time cost: 14.975273
camera: 2, decode time cost: 13.174598
camera: 0, decode time cost: 14.693033
camera: 3, decode time cost: 14.604210
camera: 2, decode time cost: 40.636051
camera: 3, decode time cost: 13.084573
camera: 2, decode time cost: 17.191244
camera: 0, decode time cost: 43.138668
camera: 0, decode time cost: 17.250055
camera: 2, decode time cost: 14.200683
camera: 1, decode time cost: 72.384499
camera: 1, decode time cost: 13.698413
camera: 1, decode time cost: 13.681385
camera: 0, decode time cost: 15.399953
camera: 1, decode time cost: 14.221470
camera: 2, decode time cost: 13.841150
camera: 1, decode time cost: 13.918568
camera: 0, decode time cost: 14.814162
camera: 2, decode time cost: 13.309582
camera: 1, decode time cost: 13.812498
camera: 0, decode time cost: 15.221420
camera: 2, decode time cost: 13.580487
camera: 3, decode time cost: 95.733841
camera: 3, decode time cost: 13.640215
camera: 1, decode time cost: 13.368022
camera: 3, decode time cost: 13.472210
camera: 3, decode time cost: 14.018908
camera: 0, decode time cost: 15.430555
camera: 2, decode time cost: 13.528377
camera: 3, decode time cost: 13.208457
camera: 1, decode time cost: 17.056623
camera: 0, decode time cost: 14.948867
camera: 3, decode time cost: 12.944067
camera: 2, decode time cost: 13.419158
camera: 1, decode time cost: 12.568763
camera: 0, decode time cost: 14.938943
camera: 2, decode time cost: 13.325855
camera: 3, decode time cost: 12.619745
camera: 1, decode time cost: 13.643402
camera: 0, decode time cost: 14.789580
camera: 3, decode time cost: 12.232830
camera: 2, decode time cost: 13.101630
camera: 1, decode time cost: 13.134902
camera: 0, decode time cost: 14.799393
camera: 3, decode time cost: 12.856205
camera: 2, decode time cost: 13.201272
camera: 1, decode time cost: 16.079205
camera: 0, decode time cost: 14.863885
camera: 3, decode time cost: 12.945503
camera: 2, decode time cost: 13.133478
camera: 1, decode time cost: 12.187970
camera: 0, decode time cost: 15.275960
camera: 2, decode time cost: 13.156313
camera: 3, decode time cost: 12.857763
camera: 1, decode time cost: 12.980112
camera: 0, decode time cost: 14.872805
camera: 3, decode time cost: 12.997173
camera: 2, decode time cost: 13.643937
camera: 1, decode time cost: 16.017742
camera: 0, decode time cost: 14.823627
camera: 3, decode time cost: 14.023755
camera: 2, decode time cost: 13.709183
camera: 1, decode time cost: 12.193978
camera: 0, decode time cost: 14.676107
camera: 3, decode time cost: 12.427353
camera: 2, decode time cost: 13.464853
camera: 1, decode time cost: 12.668475
camera: 0, decode time cost: 14.487280
camera: 2, decode time cost: 13.580288
camera: 3, decode time cost: 13.695865
camera: 1, decode time cost: 13.463688
camera: 0, decode time cost: 14.644765
camera: 3, decode time cost: 13.277348
camera: 2, decode time cost: 13.706030
camera: 1, decode time cost: 13.167695
camera: 0, decode time cost: 14.777345
camera: 2, decode time cost: 14.119983
camera: 3, decode time cost: 14.837960
camera: 1, decode time cost: 13.445955
camera: 0, decode time cost: 14.831520
camera: 3, decode time cost: 13.949965
camera: 2, decode time cost: 13.524707
camera: 1, decode time cost: 16.743002
camera: 0, decode time cost: 14.672103
camera: 2, decode time cost: 13.494660
camera: 3, decode time cost: 13.816832
camera: 1, decode time cost: 12.530785
camera: 0, decode time cost: 14.616813
camera: 3, decode time cost: 13.786090
camera: 2, decode time cost: 13.519515
camera: 1, decode time cost: 12.467918
camera: 0, decode time cost: 14.890323
camera: 2, decode time cost: 13.683262
camera: 3, decode time cost: 14.044995
camera: 1, decode time cost: 12.983085
camera: 0, decode time cost: 14.694295
camera: 2, decode time cost: 13.710947
camera: 3, decode time cost: 13.796310
camera: 1, decode time cost: 13.055028
camera: 0, decode time cost: 14.720507
camera: 2, decode time cost: 13.740215
camera: 3, decode time cost: 13.680557
camera: 1, decode time cost: 15.915532
camera: 0, decode time cost: 14.861085
camera: 3, decode time cost: 17.407404
camera: 2, decode time cost: 13.671017
camera: 1, decode time cost: 12.020025
camera: 0, decode time cost: 14.550635
camera: 3, decode time cost: 12.516235
camera: 2, decode time cost: 13.656768
camera: 1, decode time cost: 13.103327
camera: 0, decode time cost: 14.749735
camera: 3, decode time cost: 13.355462
camera: 2, decode time cost: 13.711268
camera: 1, decode time cost: 13.079003
camera: 2, decode time cost: 13.934338
camera: 0, decode time cost: 14.789715
camera: 3, decode time cost: 13.543318
camera: 1, decode time cost: 13.173490
camera: 0, decode time cost: 15.293410
camera: 3, decode time cost: 16.462681
camera: 2, decode time cost: 13.887872
camera: 0, decode time cost: 14.704915
camera: 3, decode time cost: 12.277265
camera: 2, decode time cost: 40.715977
camera: 3, decode time cost: 12.985110
camera: 2, decode time cost: 17.184084
camera: 0, decode time cost: 43.131931
camera: 0, decode time cost: 17.188030
camera: 2, decode time cost: 14.459622
camera: 1, decode time cost: 73.763512
camera: 1, decode time cost: 16.347672
camera: 0, decode time cost: 15.376435
camera: 1, decode time cost: 12.542645
camera: 2, decode time cost: 14.253333
camera: 1, decode time cost: 15.263515
camera: 1, decode time cost: 11.894367
camera: 0, decode time cost: 15.174258
camera: 2, decode time cost: 14.075830
camera: 1, decode time cost: 14.989123
camera: 0, decode time cost: 15.438625
camera: 3, decode time cost: 74.127029
camera: 2, decode time cost: 14.595447
camera: 3, decode time cost: 14.106877
camera: 3, decode time cost: 13.511468
camera: 3, decode time cost: 14.230915
camera: 1, decode time cost: 12.723410
camera: 0, decode time cost: 15.008723
camera: 3, decode time cost: 12.983358
camera: 2, decode time cost: 14.837383
camera: 1, decode time cost: 15.481760
camera: 0, decode time cost: 15.008972
camera: 3, decode time cost: 13.000740
camera: 2, decode time cost: 15.355613
camera: 1, decode time cost: 11.845862
camera: 0, decode time cost: 15.193335
camera: 2, decode time cost: 15.390880
camera: 3, decode time cost: 12.963330
camera: 1, decode time cost: 12.650688
camera: 0, decode time cost: 15.363315
camera: 3, decode time cost: 13.136987
camera: 2, decode time cost: 15.500068
camera: 1, decode time cost: 15.137555
camera: 0, decode time cost: 14.956470
camera: 3, decode time cost: 12.705495
camera: 2, decode time cost: 16.932100
camera: 1, decode time cost: 12.385490
camera: 0, decode time cost: 14.760130
camera: 3, decode time cost: 12.702695
camera: 2, decode time cost: 16.449785
camera: 1, decode time cost: 15.465653
camera: 0, decode time cost: 14.954182
camera: 2, decode time cost: 15.914895
camera: 3, decode time cost: 12.788300
camera: 1, decode time cost: 12.029060
camera: 0, decode time cost: 14.806843
camera: 3, decode time cost: 13.118922
camera: 2, decode time cost: 15.651797
camera: 1, decode time cost: 12.935262
camera: 0, decode time cost: 14.772630
camera: 2, decode time cost: 16.281380
camera: 3, decode time cost: 13.013980
camera: 1, decode time cost: 14.233188
camera: 0, decode time cost: 15.116225
camera: 3, decode time cost: 13.250175
camera: 2, decode time cost: 17.094244
camera: 1, decode time cost: 13.928095
camera: 0, decode time cost: 14.564935
camera: 3, decode time cost: 13.434873
camera: 2, decode time cost: 18.861168
camera: 1, decode time cost: 12.766995
camera: 0, decode time cost: 14.664070
camera: 3, decode time cost: 13.088923
camera: 2, decode time cost: 20.740896
camera: 1, decode time cost: 15.621460
camera: 0, decode time cost: 14.557803
camera: 3, decode time cost: 14.291310
camera: 2, decode time cost: 20.568996
camera: 1, decode time cost: 14.454393
camera: 0, decode time cost: 15.149065
camera: 3, decode time cost: 13.611830
camera: 2, decode time cost: 18.642153
camera: 1, decode time cost: 12.828168
camera: 0, decode time cost: 14.739160
camera: 3, decode time cost: 13.929018
camera: 2, decode time cost: 18.032290
camera: 1, decode time cost: 13.199722
camera: 0, decode time cost: 14.739548
camera: 3, decode time cost: 13.246802
camera: 2, decode time cost: 17.697084
camera: 1, decode time cost: 13.856832
camera: 0, decode time cost: 14.544025
camera: 3, decode time cost: 14.589052
camera: 2, decode time cost: 16.891165
camera: 1, decode time cost: 13.776050
camera: 0, decode time cost: 14.634870
camera: 3, decode time cost: 13.069867
camera: 2, decode time cost: 15.767560
camera: 1, decode time cost: 13.526518
camera: 0, decode time cost: 14.590057
camera: 2, decode time cost: 15.281105
camera: 3, decode time cost: 14.343757
camera: 1, decode time cost: 13.668260
camera: 0, decode time cost: 15.048970
camera: 3, decode time cost: 13.903618
camera: 2, decode time cost: 14.803470
camera: 1, decode time cost: 13.379698
camera: 0, decode time cost: 14.815265
camera: 3, decode time cost: 12.754610
camera: 2, decode time cost: 14.797572
camera: 1, decode time cost: 14.159350
camera: 0, decode time cost: 14.665590
camera: 3, decode time cost: 14.057302
camera: 2, decode time cost: 14.311787
camera: 1, decode time cost: 14.167305
camera: 0, decode time cost: 14.661845
camera: 3, decode time cost: 13.537195
camera: 2, decode time cost: 14.255220
camera: 1, decode time cost: 13.586512
camera: 0, decode time cost: 14.458043
camera: 3, decode time cost: 13.900540
camera: 2, decode time cost: 14.108688
camera: 0, decode time cost: 15.207505
camera: 3, decode time cost: 13.480148
camera: 1, decode time cost: 50.221603
camera: 2, decode time cost: 40.493771
camera: 1, decode time cost: 12.525393
camera: 3, decode time cost: 17.374533
camera: 2, decode time cost: 17.064411
camera: 0, decode time cost: 42.869564
camera: 1, decode time cost: 12.738728
camera: 0, decode time cost: 17.323725
camera: 2, decode time cost: 14.105032
camera: 1, decode time cost: 14.048665
camera: 0, decode time cost: 15.017935
camera: 2, decode time cost: 13.983085
camera: 1, decode time cost: 13.179027
camera: 0, decode time cost: 14.874380
camera: 2, decode time cost: 13.901038
camera: 1, decode time cost: 15.720260
camera: 0, decode time cost: 14.674902
camera: 3, decode time cost: 86.619385
camera: 2, decode time cost: 14.438583
camera: 3, decode time cost: 12.878812
camera: 3, decode time cost: 13.430263
camera: 3, decode time cost: 13.630367
camera: 1, decode time cost: 14.662228
camera: 0, decode time cost: 14.951297
camera: 3, decode time cost: 13.815517
camera: 2, decode time cost: 14.735073
camera: 1, decode time cost: 14.554372
camera: 0, decode time cost: 15.169033
camera: 3, decode time cost: 17.799017
camera: 2, decode time cost: 14.737387
camera: 1, decode time cost: 14.718588
camera: 0, decode time cost: 14.903523
camera: 3, decode time cost: 13.197380
camera: 2, decode time cost: 15.119260
camera: 1, decode time cost: 18.223122
camera: 0, decode time cost: 14.919397
camera: 3, decode time cost: 12.537165
camera: 2, decode time cost: 15.611420
camera: 1, decode time cost: 13.272330
camera: 0, decode time cost: 14.914368
camera: 2, decode time cost: 15.641075
camera: 3, decode time cost: 12.453613
camera: 1, decode time cost: 14.200333
camera: 0, decode time cost: 14.907558
camera: 3, decode time cost: 12.664853
camera: 2, decode time cost: 15.557458
camera: 1, decode time cost: 12.642825
camera: 0, decode time cost: 14.737180
camera: 3, decode time cost: 13.078340
camera: 2, decode time cost: 15.606200
camera: 1, decode time cost: 14.521500
camera: 0, decode time cost: 14.752813
camera: 3, decode time cost: 13.629777
camera: 2, decode time cost: 15.545012
camera: 1, decode time cost: 16.709511
camera: 0, decode time cost: 14.624300
camera: 3, decode time cost: 12.862915
camera: 2, decode time cost: 15.895740
camera: 1, decode time cost: 13.414905
camera: 0, decode time cost: 14.752508
camera: 3, decode time cost: 12.943198
camera: 2, decode time cost: 15.874008
camera: 1, decode time cost: 13.628042
camera: 0, decode time cost: 14.836392
camera: 2, decode time cost: 14.719132
camera: 3, decode time cost: 13.075160
camera: 1, decode time cost: 16.193735
camera: 0, decode time cost: 14.913370
camera: 3, decode time cost: 14.049242
camera: 2, decode time cost: 14.107195
camera: 1, decode time cost: 12.755663
camera: 0, decode time cost: 14.921195
camera: 2, decode time cost: 13.979963
camera: 3, decode time cost: 17.345741
camera: 1, decode time cost: 16.219852
camera: 0, decode time cost: 14.606195
camera: 3, decode time cost: 12.223165
camera: 2, decode time cost: 13.614990
camera: 1, decode time cost: 12.863577
camera: 0, decode time cost: 14.759260
camera: 2, decode time cost: 13.501658
camera: 3, decode time cost: 13.380787
camera: 1, decode time cost: 15.714825
camera: 0, decode time cost: 14.457275
camera: 3, decode time cost: 15.902522
camera: 2, decode time cost: 13.783053
camera: 1, decode time cost: 14.617878
camera: 0, decode time cost: 15.315487
camera: 3, decode time cost: 13.023515
camera: 2, decode time cost: 14.849560
camera: 1, decode time cost: 14.311455
camera: 0, decode time cost: 14.632235
camera: 3, decode time cost: 15.510335
camera: 2, decode time cost: 14.259198
camera: 1, decode time cost: 14.026660
camera: 0, decode time cost: 14.528865
camera: 3, decode time cost: 12.553135
camera: 2, decode time cost: 13.908085
camera: 1, decode time cost: 18.428141
camera: 0, decode time cost: 14.605238
camera: 3, decode time cost: 15.646627
camera: 2, decode time cost: 14.128900
camera: 1, decode time cost: 12.520357
camera: 0, decode time cost: 14.868982
camera: 2, decode time cost: 14.533550
camera: 3, decode time cost: 13.107660
camera: 1, decode time cost: 14.540915
camera: 0, decode time cost: 14.710828
camera: 3, decode time cost: 13.736565
camera: 2, decode time cost: 15.336285
camera: 1, decode time cost: 14.521678
camera: 0, decode time cost: 15.274705
camera: 3, decode time cost: 14.016415
camera: 2, decode time cost: 16.663181
camera: 1, decode time cost: 14.628747
camera: 0, decode time cost: 15.002873
camera: 3, decode time cost: 13.692253
camera: 2, decode time cost: 16.929962
camera: 0, decode time cost: 14.991427
camera: 3, decode time cost: 13.089368
camera: 2, decode time cost: 40.463154
camera: 3, decode time cost: 13.431393
camera: 2, decode time cost: 17.351831
camera: 0, decode time cost: 42.904793
camera: 2, decode time cost: 14.407027
camera: 0, decode time cost: 17.517824
camera: 1, decode time cost: 69.144341
camera: 1, decode time cost: 13.657165
camera: 1, decode time cost: 13.480123
camera: 0, decode time cost: 15.321500
camera: 1, decode time cost: 16.529060
camera: 2, decode time cost: 14.200235
camera: 1, decode time cost: 13.356455
camera: 0, decode time cost: 15.126597
camera: 2, decode time cost: 14.185217
camera: 1, decode time cost: 14.932965
camera: 0, decode time cost: 15.247567
camera: 3, decode time cost: 71.794144
camera: 3, decode time cost: 15.872100
camera: 2, decode time cost: 14.769897
camera: 3, decode time cost: 12.257058
camera: 3, decode time cost: 14.118670
camera: 1, decode time cost: 15.309120
camera: 0, decode time cost: 14.961207
camera: 3, decode time cost: 13.190348
camera: 2, decode time cost: 15.064730
camera: 1, decode time cost: 14.300388
camera: 0, decode time cost: 14.923748
camera: 3, decode time cost: 13.129555
camera: 2, decode time cost: 15.725585
camera: 1, decode time cost: 13.325570
camera: 0, decode time cost: 14.959887
camera: 3, decode time cost: 13.091513
camera: 2, decode time cost: 15.499578
camera: 1, decode time cost: 13.316540
camera: 0, decode time cost: 15.306140
camera: 3, decode time cost: 12.839123
camera: 2, decode time cost: 15.345967
camera: 1, decode time cost: 14.476357
camera: 0, decode time cost: 14.665398
camera: 3, decode time cost: 13.249227
camera: 2, decode time cost: 14.860970
camera: 1, decode time cost: 13.838920
camera: 0, decode time cost: 14.801045
camera: 3, decode time cost: 12.961628
camera: 2, decode time cost: 15.951795
camera: 1, decode time cost: 13.574740
camera: 0, decode time cost: 14.744050
camera: 2, decode time cost: 17.141239
camera: 3, decode time cost: 14.393433
camera: 1, decode time cost: 13.638470
camera: 0, decode time cost: 14.584293
camera: 3, decode time cost: 12.371908
camera: 2, decode time cost: 18.335016
camera: 1, decode time cost: 14.538095
camera: 0, decode time cost: 15.026793
camera: 3, decode time cost: 14.289407
camera: 2, decode time cost: 20.288431
camera: 1, decode time cost: 13.707545
camera: 0, decode time cost: 14.769045
camera: 3, decode time cost: 13.516662
camera: 2, decode time cost: 21.420252
camera: 1, decode time cost: 13.529565
camera: 0, decode time cost: 14.745405
camera: 3, decode time cost: 14.944678
camera: 2, decode time cost: 21.941772
camera: 1, decode time cost: 13.729393
camera: 0, decode time cost: 14.822505
camera: 3, decode time cost: 14.170347
camera: 2, decode time cost: 20.699583
camera: 1, decode time cost: 13.434522
camera: 0, decode time cost: 14.878223
camera: 3, decode time cost: 14.023595
camera: 2, decode time cost: 19.850100
camera: 1, decode time cost: 14.582180
camera: 0, decode time cost: 14.675625
camera: 3, decode time cost: 18.561684
camera: 2, decode time cost: 18.691891
camera: 1, decode time cost: 12.669800
camera: 0, decode time cost: 14.675230
camera: 3, decode time cost: 12.332150
camera: 2, decode time cost: 16.934645
camera: 1, decode time cost: 14.345880
camera: 0, decode time cost: 14.766472
camera: 3, decode time cost: 13.164090
camera: 2, decode time cost: 16.330288
camera: 1, decode time cost: 13.681188
camera: 0, decode time cost: 14.426277
camera: 2, decode time cost: 15.403735
camera: 3, decode time cost: 16.567842
camera: 1, decode time cost: 15.648245
camera: 0, decode time cost: 14.910767
camera: 3, decode time cost: 12.500078
camera: 2, decode time cost: 14.778357
camera: 1, decode time cost: 12.406263
camera: 0, decode time cost: 14.799707
camera: 2, decode time cost: 14.508180
camera: 3, decode time cost: 15.936580
camera: 0, decode time cost: 14.764198
camera: 1, decode time cost: 17.872023
camera: 3, decode time cost: 12.940357
camera: 2, decode time cost: 14.245230
camera: 1, decode time cost: 11.828952
camera: 0, decode time cost: 14.708850
camera: 3, decode time cost: 16.157921
camera: 2, decode time cost: 13.484677
camera: 1, decode time cost: 13.516872
camera: 0, decode time cost: 14.909905
camera: 3, decode time cost: 13.302020
camera: 2, decode time cost: 13.617802
camera: 1, decode time cost: 16.171785
camera: 0, decode time cost: 14.840177
camera: 2, decode time cost: 13.440335
camera: 3, decode time cost: 13.167023
camera: 1, decode time cost: 13.650590
camera: 0, decode time cost: 14.395655
camera: 2, decode time cost: 13.376745
camera: 3, decode time cost: 13.604177
camera: 0, decode time cost: 15.016393
camera: 3, decode time cost: 16.647736
camera: 1, decode time cost: 52.754566
camera: 2, decode time cost: 40.529903
camera: 1, decode time cost: 14.960065
camera: 3, decode time cost: 12.463395
camera: 2, decode time cost: 16.903301
camera: 0, decode time cost: 42.592094
camera: 1, decode time cost: 17.027290
camera: 0, decode time cost: 17.029678
camera: 2, decode time cost: 14.151722
camera: 1, decode time cost: 12.685730
camera: 0, decode time cost: 15.094088
camera: 2, decode time cost: 14.111835
camera: 1, decode time cost: 15.430315
camera: 0, decode time cost: 15.136728
camera: 2, decode time cost: 14.053045
camera: 1, decode time cost: 15.408765
camera: 0, decode time cost: 14.927292
camera: 3, decode time cost: 71.134850
camera: 2, decode time cost: 14.465912
camera: 3, decode time cost: 15.223702
camera: 3, decode time cost: 13.465817
camera: 1, decode time cost: 13.992875
camera: 3, decode time cost: 13.752180
camera: 0, decode time cost: 14.859670
camera: 2, decode time cost: 14.517998
camera: 3, decode time cost: 17.656923
camera: 1, decode time cost: 16.954969
camera: 0, decode time cost: 14.914440
camera: 3, decode time cost: 12.246740
camera: 2, decode time cost: 15.131690
camera: 1, decode time cost: 14.862910
camera: 0, decode time cost: 14.940275
camera: 2, decode time cost: 14.723985
camera: 3, decode time cost: 13.241300
camera: 1, decode time cost: 14.982893
camera: 3, decode time cost: 13.477397
camera: 0, decode time cost: 15.125792
camera: 2, decode time cost: 14.600085
camera: 1, decode time cost: 13.240517
camera: 0, decode time cost: 14.837152
camera: 2, decode time cost: 14.428597
camera: 3, decode time cost: 16.723366
camera: 1, decode time cost: 14.151710
camera: 0, decode time cost: 14.653603
camera: 3, decode time cost: 12.624355
camera: 2, decode time cost: 14.392442
camera: 1, decode time cost: 13.937953
camera: 0, decode time cost: 14.354445
camera: 3, decode time cost: 15.957137
camera: 2, decode time cost: 16.783892
camera: 1, decode time cost: 13.130010
camera: 0, decode time cost: 14.435535
camera: 3, decode time cost: 12.698655
camera: 2, decode time cost: 20.859056
camera: 1, decode time cost: 14.823293
camera: 0, decode time cost: 14.670485
camera: 2, decode time cost: 22.872513
camera: 3, decode time cost: 16.121414
camera: 1, decode time cost: 13.075987
camera: 0, decode time cost: 14.767762
camera: 3, decode time cost: 12.799552
camera: 2, decode time cost: 22.965044
camera: 1, decode time cost: 14.338117
camera: 0, decode time cost: 14.658215
camera: 3, decode time cost: 15.908950
camera: 2, decode time cost: 21.720348
camera: 1, decode time cost: 14.016915
camera: 0, decode time cost: 14.716450
camera: 3, decode time cost: 14.958828
camera: 2, decode time cost: 20.951015
camera: 1, decode time cost: 14.004415
camera: 0, decode time cost: 14.700423
camera: 3, decode time cost: 14.826627
camera: 2, decode time cost: 21.406113
camera: 1, decode time cost: 13.597275
camera: 0, decode time cost: 14.514060
camera: 3, decode time cost: 14.547943
camera: 2, decode time cost: 20.072409
camera: 1, decode time cost: 14.103725
camera: 0, decode time cost: 14.613928
camera: 3, decode time cost: 14.655005
camera: 2, decode time cost: 20.698290
camera: 1, decode time cost: 12.961008
camera: 0, decode time cost: 14.749713
camera: 3, decode time cost: 14.639590
camera: 2, decode time cost: 20.343052
camera: 1, decode time cost: 13.751097
camera: 0, decode time cost: 14.686403
camera: 3, decode time cost: 14.500905
camera: 2, decode time cost: 19.933464
camera: 1, decode time cost: 13.666835
camera: 0, decode time cost: 14.674657
camera: 3, decode time cost: 14.395180
camera: 2, decode time cost: 19.055967
camera: 1, decode time cost: 13.519778
camera: 0, decode time cost: 14.974883
camera: 3, decode time cost: 14.251760
camera: 2, decode time cost: 18.587769
camera: 1, decode time cost: 15.025415
camera: 0, decode time cost: 14.449110
camera: 3, decode time cost: 17.464790
camera: 2, decode time cost: 17.657951
camera: 1, decode time cost: 13.719622
camera: 0, decode time cost: 14.836485
camera: 3, decode time cost: 12.327820
camera: 2, decode time cost: 17.714224
camera: 1, decode time cost: 13.518100
camera: 0, decode time cost: 15.181415
camera: 3, decode time cost: 17.167313
camera: 2, decode time cost: 17.079733
camera: 1, decode time cost: 15.501198
camera: 0, decode time cost: 14.617945
camera: 3, decode time cost: 12.685640
camera: 2, decode time cost: 16.494444
camera: 1, decode time cost: 12.292412
camera: 0, decode time cost: 14.413552
camera: 3, decode time cost: 12.645085
camera: 2, decode time cost: 16.291410
camera: 0, decode time cost: 14.946970
camera: 3, decode time cost: 14.663735
camera: 1, decode time cost: 52.484264
camera: 2, decode time cost: 40.581326
camera: 1, decode time cost: 17.712290
camera: 3, decode time cost: 12.645135
camera: 2, decode time cost: 17.008896
camera: 0, decode time cost: 42.931396
camera: 1, decode time cost: 12.388282
camera: 0, decode time cost: 16.924522
camera: 2, decode time cost: 14.197663
camera: 1, decode time cost: 15.107467
camera: 0, decode time cost: 14.907452
camera: 2, decode time cost: 13.595347
camera: 1, decode time cost: 16.850847
camera: 0, decode time cost: 14.799290
camera: 2, decode time cost: 13.613945
camera: 1, decode time cost: 13.671465
camera: 0, decode time cost: 14.759910
camera: 2, decode time cost: 13.692747
camera: 3, decode time cost: 95.239769
camera: 3, decode time cost: 15.958925
camera: 3, decode time cost: 11.984740
camera: 1, decode time cost: 15.972705
camera: 3, decode time cost: 12.855242
camera: 0, decode time cost: 15.277087
camera: 2, decode time cost: 13.575918
camera: 3, decode time cost: 13.203310
camera: 1, decode time cost: 15.017025
camera: 0, decode time cost: 14.651362
camera: 3, decode time cost: 16.443047
camera: 2, decode time cost: 13.496652
camera: 1, decode time cost: 14.679790
camera: 0, decode time cost: 14.650945
camera: 3, decode time cost: 12.208565
camera: 2, decode time cost: 13.242422
camera: 1, decode time cost: 20.573362
camera: 0, decode time cost: 14.463485
camera: 3, decode time cost: 15.359743
camera: 2, decode time cost: 13.308190
camera: 1, decode time cost: 12.476960
camera: 0, decode time cost: 14.721673
camera: 2, decode time cost: 13.400500
camera: 3, decode time cost: 12.233525
camera: 1, decode time cost: 14.495157
camera: 0, decode time cost: 14.504027
camera: 3, decode time cost: 14.903488
camera: 2, decode time cost: 13.345603
camera: 1, decode time cost: 16.287737
camera: 0, decode time cost: 14.581738
camera: 2, decode time cost: 13.401028
camera: 3, decode time cost: 12.737125
camera: 1, decode time cost: 15.988205
camera: 0, decode time cost: 14.515235
camera: 3, decode time cost: 14.860385
camera: 2, decode time cost: 13.878293
camera: 1, decode time cost: 13.623530
camera: 0, decode time cost: 14.538452
camera: 3, decode time cost: 14.415428
camera: 2, decode time cost: 16.461046
camera: 1, decode time cost: 13.785830
camera: 0, decode time cost: 14.505253
camera: 3, decode time cost: 14.463150
camera: 2, decode time cost: 20.496271
camera: 1, decode time cost: 13.898575
camera: 0, decode time cost: 14.437130
camera: 3, decode time cost: 14.148343
camera: 2, decode time cost: 21.705273
camera: 1, decode time cost: 13.958655
camera: 0, decode time cost: 14.924812
camera: 3, decode time cost: 12.599820
camera: 2, decode time cost: 23.690632
camera: 1, decode time cost: 13.679458
camera: 0, decode time cost: 14.762263
camera: 3, decode time cost: 17.295336
camera: 2, decode time cost: 25.145311
camera: 1, decode time cost: 13.708670
camera: 0, decode time cost: 14.665388
camera: 3, decode time cost: 12.211503
camera: 2, decode time cost: 25.916847
camera: 1, decode time cost: 13.522510
camera: 0, decode time cost: 14.393225
camera: 3, decode time cost: 14.116375
camera: 2, decode time cost: 21.987017
camera: 1, decode time cost: 15.114000
camera: 0, decode time cost: 14.404190
camera: 3, decode time cost: 12.662078
camera: 2, decode time cost: 18.787935
camera: 1, decode time cost: 13.045598
camera: 0, decode time cost: 14.485737
camera: 2, decode time cost: 17.441864
camera: 3, decode time cost: 14.865890
camera: 1, decode time cost: 15.714970
camera: 0, decode time cost: 14.741225
camera: 3, decode time cost: 14.176935
camera: 2, decode time cost: 15.796598
camera: 1, decode time cost: 13.787828
camera: 0, decode time cost: 14.876208
camera: 2, decode time cost: 15.142363
camera: 3, decode time cost: 14.374650
camera: 1, decode time cost: 13.555218
camera: 0, decode time cost: 14.536455
camera: 3, decode time cost: 13.956675
camera: 2, decode time cost: 14.098980
camera: 1, decode time cost: 13.411163
camera: 0, decode time cost: 14.817298
camera: 2, decode time cost: 14.154700
camera: 3, decode time cost: 16.364899
camera: 1, decode time cost: 13.490185
camera: 0, decode time cost: 14.500025
camera: 3, decode time cost: 12.324018
camera: 2, decode time cost: 14.238878
camera: 1, decode time cost: 15.561585
camera: 0, decode time cost: 14.445183
camera: 2, decode time cost: 14.967145
camera: 3, decode time cost: 13.970957
camera: 1, decode time cost: 14.550145
camera: 0,