The target system is: Linux -  - aarch64
The host system is: Linux - 5.3.0-62-generic - x86_64
Compiling the C compiler identification source file "CMakeCCompilerId.c" succeeded.
Compiler: /home/allen/a1000-sdk/sysroots/x86_64-bstsdk-linux/usr/bin/aarch64-bst-linux/aarch64-bst-linux-gcc --sysroot=/home/allen/a1000-sdk/sysroots/aarch64-bst-linux
Build flags: ;-O2;-pipe;-g;-feliminate-unused-debug-types;
Id flags:  

The output was:
0


Compilation of the C compiler identification source "CMakeCCompilerId.c" produced "a.out"

The C compiler identification is GNU, found in "/home/allen/ipcamera/onvif/build/CMakeFiles/3.14.1/CompilerIdC/a.out"

Compiling the CXX compiler identification source file "CMakeCXXCompilerId.cpp" succeeded.
Compiler: /home/allen/a1000-sdk/sysroots/x86_64-bstsdk-linux/usr/bin/aarch64-bst-linux/aarch64-bst-linux-g++ --sysroot=/home/allen/a1000-sdk/sysroots/aarch64-bst-linux
Build flags: ;-O2;-pipe;-g;-feliminate-unused-debug-types;
Id flags:  

The output was:
0


Compilation of the CXX compiler identification source "CMakeCXXCompilerId.cpp" produced "a.out"

The CXX compiler identification is GNU, found in "/home/allen/ipcamera/onvif/build/CMakeFiles/3.14.1/CompilerIdCXX/a.out"

Determining if the C compiler works passed with the following output:
Change Dir: /home/allen/ipcamera/onvif/build/CMakeFiles/CMakeTmp

Run Build Command(s):/usr/bin/make cmTC_57c60/fast 
/usr/bin/make -f CMakeFiles/cmTC_57c60.dir/build.make CMakeFiles/cmTC_57c60.dir/build
make[1]: Entering directory '/home/allen/ipcamera/onvif/build/CMakeFiles/CMakeTmp'
Building C object CMakeFiles/cmTC_57c60.dir/testCCompiler.c.o
/home/allen/a1000-sdk/sysroots/x86_64-bstsdk-linux/usr/bin/aarch64-bst-linux/aarch64-bst-linux-gcc   --sysroot=/home/allen/a1000-sdk/sysroots/aarch64-bst-linux --sysroot=/home/allen/a1000-sdk/sysroots/aarch64-bst-linux   -O2 -pipe -g -feliminate-unused-debug-types     -o CMakeFiles/cmTC_57c60.dir/testCCompiler.c.o   -c /home/allen/ipcamera/onvif/build/CMakeFiles/CMakeTmp/testCCompiler.c
Linking C executable cmTC_57c60
/home/allen/a1000-sdk/sysroots/x86_64-bstsdk-linux/usr/bin/cmake -E cmake_link_script CMakeFiles/cmTC_57c60.dir/link.txt --verbose=1
/home/allen/a1000-sdk/sysroots/x86_64-bstsdk-linux/usr/bin/aarch64-bst-linux/aarch64-bst-linux-gcc   --sysroot=/home/allen/a1000-sdk/sysroots/aarch64-bst-linux --sysroot=/home/allen/a1000-sdk/sysroots/aarch64-bst-linux  -O2 -pipe -g -feliminate-unused-debug-types    -Wl,-O1 -Wl,--hash-style=gnu -Wl,--as-needed  CMakeFiles/cmTC_57c60.dir/testCCompiler.c.o  -o cmTC_57c60 
make[1]: Leaving directory '/home/allen/ipcamera/onvif/build/CMakeFiles/CMakeTmp'


Detecting C compiler ABI info compiled with the following output:
Change Dir: /home/allen/ipcamera/onvif/build/CMakeFiles/CMakeTmp

Run Build Command(s):/usr/bin/make cmTC_7b766/fast 
/usr/bin/make -f CMakeFiles/cmTC_7b766.dir/build.make CMakeFiles/cmTC_7b766.dir/build
make[1]: Entering directory '/home/allen/ipcamera/onvif/build/CMakeFiles/CMakeTmp'
Building C object CMakeFiles/cmTC_7b766.dir/CMakeCCompilerABI.c.o
/home/allen/a1000-sdk/sysroots/x86_64-bstsdk-linux/usr/bin/aarch64-bst-linux/aarch64-bst-linux-gcc   --sysroot=/home/allen/a1000-sdk/sysroots/aarch64-bst-linux --sysroot=/home/allen/a1000-sdk/sysroots/aarch64-bst-linux   -O2 -pipe -g -feliminate-unused-debug-types     -v -o CMakeFiles/cmTC_7b766.dir/CMakeCCompilerABI.c.o   -c /home/allen/a1000-sdk/sysroots/x86_64-bstsdk-linux/usr/share/cmake-3.14/Modules/CMakeCCompilerABI.c
Using built-in specs.
COLLECT_GCC=/home/allen/a1000-sdk/sysroots/x86_64-bstsdk-linux/usr/bin/aarch64-bst-linux/aarch64-bst-linux-gcc
Target: aarch64-bst-linux
Configured with: ../../../../../../work-shared/gcc-8.3.0-r0/gcc-8.3.0/configure --build=x86_64-linux --host=x86_64-bstsdk-linux --target=aarch64-bst-linux --prefix=/opt/bstos/0.3.0-/sysroots/x86_64-bstsdk-linux/usr --exec_prefix=/opt/bstos/0.3.0-/sysroots/x86_64-bstsdk-linux/usr --bindir=/opt/bstos/0.3.0-/sysroots/x86_64-bstsdk-linux/usr/bin/aarch64-bst-linux --sbindir=/opt/bstos/0.3.0-/sysroots/x86_64-bstsdk-linux/usr/bin/aarch64-bst-linux --libexecdir=/opt/bstos/0.3.0-/sysroots/x86_64-bstsdk-linux/usr/libexec/aarch64-bst-linux --datadir=/opt/bstos/0.3.0-/sysroots/x86_64-bstsdk-linux/usr/share --sysconfdir=/opt/bstos/0.3.0-/sysroots/x86_64-bstsdk-linux/etc --sharedstatedir=/opt/bstos/0.3.0-/sysroots/x86_64-bstsdk-linux/com --localstatedir=/opt/bstos/0.3.0-/sysroots/x86_64-bstsdk-linux/var --libdir=/opt/bstos/0.3.0-/sysroots/x86_64-bstsdk-linux/usr/lib/aarch64-bst-linux --includedir=/opt/bstos/0.3.0-/sysroots/x86_64-bstsdk-linux/usr/include --oldincludedir=/opt/bstos/0.3.0-/sysroots/x86_64-bstsdk-linux/usr/include --infodir=/opt/bstos/0.3.0-/sysroots/x86_64-bstsdk-linux/usr/share/info --mandir=/opt/bstos/0.3.0-/sysroots/x86_64-bstsdk-linux/usr/share/man --disable-silent-rules --disable-dependency-tracking --with-libtool-sysroot=/var/lib/jenkins/workspace/middleware_bstos_a1000/bstos/build/tmp/work/x86_64-nativesdk-bstsdk-linux/gcc-cross-canadian-aarch64/8.3.0-r0/recipe-sysroot --with-gnu-ld --enable-shared --enable-languages=c,c++ --enable-threads=posix --enable-multilib --enable-c99 --enable-long-long --enable-symvers=gnu --enable-libstdcxx-pch --program-prefix=aarch64-bst-linux- --without-local-prefix --enable-lto --disable-libssp --enable-libitm --disable-bootstrap --disable-libmudflap --with-system-zlib --with-linker-hash-style=gnu --enable-linker-build-id --with-ppl=no --with-cloog=no --enable-checking=release --enable-cheaders=c_global --without-isl --with-gxx-include-dir=/not/exist/usr/include/c++/8.3.0 --with-build-time-tools=/var/lib/jenkins/workspace/middleware_bstos_a1000/bstos/build/tmp/work/x86_64-nativesdk-bstsdk-linux/gcc-cross-canadian-aarch64/8.3.0-r0/recipe-sysroot-native/usr/aarch64-bst-linux/bin --with-sysroot=/not/exist --with-build-sysroot=/var/lib/jenkins/workspace/middleware_bstos_a1000/bstos/build/tmp/work/x86_64-nativesdk-bstsdk-linux/gcc-cross-canadian-aarch64/8.3.0-r0/recipe-sysroot --without-long-double-128 libgcc_cv_powerpc_float128=no --enable-poison-system-directories --enable-nls --with-glibc-version=2.28 --enable-initfini-array --enable-__cxa_atexit
Thread model: posix
gcc version 8.3.0 (GCC) 
COLLECT_GCC_OPTIONS='--sysroot=/home/allen/a1000-sdk/sysroots/aarch64-bst-linux' '-O2' '-pipe' '-g' '-feliminate-unused-debug-types' '-v' '-o' 'CMakeFiles/cmTC_7b766.dir/CMakeCCompilerABI.c.o' '-c' '-mlittle-endian' '-mabi=lp64'
 /home/allen/a1000-sdk/sysroots/x86_64-bstsdk-linux/usr/libexec/aarch64-bst-linux/gcc/aarch64-bst-linux/8.3.0/cc1 -quiet -v -isysroot /home/allen/a1000-sdk/sysroots/aarch64-bst-linux /home/allen/a1000-sdk/sysroots/x86_64-bstsdk-linux/usr/share/cmake-3.14/Modules/CMakeCCompilerABI.c -quiet -dumpbase CMakeCCompilerABI.c -mlittle-endian -mabi=lp64 -auxbase-strip CMakeFiles/cmTC_7b766.dir/CMakeCCompilerABI.c.o -g -O2 -version -feliminate-unused-debug-types -o - |
 /home/allen/a1000-sdk/sysroots/x86_64-bstsdk-linux/usr/libexec/aarch64-bst-linux/gcc/aarch64-bst-linux/8.3.0/as -v -EL -mabi=lp64 -o CMakeFiles/cmTC_7b766.dir/CMakeCCompilerABI.c.o
GNU assembler version 2.32.0 (aarch64-bst-linux) using BFD version (GNU Binutils) 2.32.0.20190204
GNU C17 (GCC) version 8.3.0 (aarch64-bst-linux)
	compiled by GNU C version 8.3.0, GMP version 6.1.2, MPFR version 4.0.2, MPC version 1.1.0, isl version none
GGC heuristics: --param ggc-min-expand=100 --param ggc-min-heapsize=131072
ignoring nonexistent directory "/home/allen/a1000-sdk/sysroots/aarch64-bst-linux/usr/lib/gcc/aarch64-bst-linux/8.3.0/include"
ignoring nonexistent directory "/home/allen/a1000-sdk/sysroots/aarch64-bst-linux/usr/local/include"
ignoring nonexistent directory "/home/allen/a1000-sdk/sysroots/x86_64-bstsdk-linux/usr/lib/aarch64-bst-linux/gcc/aarch64-bst-linux/8.3.0/../../../../../aarch64-bst-linux/include"
#include "..." search starts here:
#include <...> search starts here:
 /home/allen/a1000-sdk/sysroots/x86_64-bstsdk-linux/usr/lib/aarch64-bst-linux/gcc/aarch64-bst-linux/8.3.0/include
 /home/allen/a1000-sdk/sysroots/x86_64-bstsdk-linux/usr/lib/aarch64-bst-linux/gcc/aarch64-bst-linux/8.3.0/include-fixed
 /home/allen/a1000-sdk/sysroots/aarch64-bst-linux/usr/include/
End of search list.
GNU C17 (GCC) version 8.3.0 (aarch64-bst-linux)
	compiled by GNU C version 8.3.0, GMP version 6.1.2, MPFR version 4.0.2, MPC version 1.1.0, isl version none
GGC heuristics: --param ggc-min-expand=100 --param ggc-min-heapsize=131072
Compiler executable checksum: f2a8e94e000268ef0a97a5d2dc77328c
COMPILER_PATH=/home/allen/a1000-sdk/sysroots/x86_64-bstsdk-linux/usr/libexec/aarch64-bst-linux/gcc/aarch64-bst-linux/8.3.0/:/home/allen/a1000-sdk/sysroots/x86_64-bstsdk-linux/usr/libexec/aarch64-bst-linux/gcc/aarch64-bst-linux/8.3.0/:/home/allen/a1000-sdk/sysroots/x86_64-bstsdk-linux/usr/libexec/aarch64-bst-linux/gcc/aarch64-bst-linux/:/home/allen/a1000-sdk/sysroots/x86_64-bstsdk-linux/usr/lib/aarch64-bst-linux/gcc/aarch64-bst-linux/8.3.0/:/home/allen/a1000-sdk/sysroots/x86_64-bstsdk-linux/usr/lib/aarch64-bst-linux/gcc/aarch64-bst-linux/
LIBRARY_PATH=/home/allen/a1000-sdk/sysroots/x86_64-bstsdk-linux/usr/lib/aarch64-bst-linux/gcc/aarch64-bst-linux/8.3.0/:/home/allen/a1000-sdk/sysroots/aarch64-bst-linux/lib/:/home/allen/a1000-sdk/sysroots/aarch64-bst-linux/usr/lib/aarch64-bst-linux/8.3.0/:/home/allen/a1000-sdk/sysroots/aarch64-bst-linux/usr/lib/
COLLECT_GCC_OPTIONS='--sysroot=/home/allen/a1000-sdk/sysroots/aarch64-bst-linux' '-O2' '-pipe' '-g' '-feliminate-unused-debug-types' '-v' '-o' 'CMakeFiles/cmTC_7b766.dir/CMakeCCompilerABI.c.o' '-c' '-mlittle-endian' '-mabi=lp64'
Linking C executable cmTC_7b766
/home/allen/a1000-sdk/sysroots/x86_64-bstsdk-linux/usr/bin/cmake -E cmake_link_script CMakeFiles/cmTC_7b766.dir/link.txt --verbose=1
/home/allen/a1000-sdk/sysroots/x86_64-bstsdk-linux/usr/bin/aarch64-bst-linux/aarch64-bst-linux-gcc   --sysroot=/home/allen/a1000-sdk/sysroots/aarch64-bst-linux --sysroot=/home/allen/a1000-sdk/sysroots/aarch64-bst-linux  -O2 -pipe -g -feliminate-unused-debug-types    -Wl,-O1 -Wl,--hash-style=gnu -Wl,--as-needed -v CMakeFiles/cmTC_7b766.dir/CMakeCCompilerABI.c.o  -o cmTC_7b766 
Using built-in specs.
COLLECT_GCC=/home/allen/a1000-sdk/sysroots/x86_64-bstsdk-linux/usr/bin/aarch64-bst-linux/aarch64-bst-linux-gcc
COLLECT_LTO_WRAPPER=/home/allen/a1000-sdk/sysroots/x86_64-bstsdk-linux/usr/libexec/aarch64-bst-linux/gcc/aarch64-bst-linux/8.3.0/lto-wrapper
Target: aarch64-bst-linux
Configured with: ../../../../../../work-shared/gcc-8.3.0-r0/gcc-8.3.0/configure --build=x86_64-linux --host=x86_64-bstsdk-linux --target=aarch64-bst-linux --prefix=/opt/bstos/0.3.0-/sysroots/x86_64-bstsdk-linux/usr --exec_prefix=/opt/bstos/0.3.0-/sysroots/x86_64-bstsdk-linux/usr --bindir=/opt/bstos/0.3.0-/sysroots/x86_64-bstsdk-linux/usr/bin/aarch64-bst-linux --sbindir=/opt/bstos/0.3.0-/sysroots/x86_64-bstsdk-linux/usr/bin/aarch64-bst-linux --libexecdir=/opt/bstos/0.3.0-/sysroots/x86_64-bstsdk-linux/usr/libexec/aarch64-bst-linux --datadir=/opt/bstos/0.3.0-/sysroots/x86_64-bstsdk-linux/usr/share --sysconfdir=/opt/bstos/0.3.0-/sysroots/x86_64-bstsdk-linux/etc --sharedstatedir=/opt/bstos/0.3.0-/sysroots/x86_64-bstsdk-linux/com --localstatedir=/opt/bstos/0.3.0-/sysroots/x86_64-bstsdk-linux/var --libdir=/opt/bstos/0.3.0-/sysroots/x86_64-bstsdk-linux/usr/lib/aarch64-bst-linux --includedir=/opt/bstos/0.3.0-/sysroots/x86_64-bstsdk-linux/usr/include --oldincludedir=/opt/bstos/0.3.0-/sysroots/x86_64-bstsdk-linux/usr/include --infodir=/opt/bstos/0.3.0-/sysroots/x86_64-bstsdk-linux/usr/share/info --mandir=/opt/bstos/0.3.0-/sysroots/x86_64-bstsdk-linux/usr/share/man --disable-silent-rules --disable-dependency-tracking --with-libtool-sysroot=/var/lib/jenkins/workspace/middleware_bstos_a1000/bstos/build/tmp/work/x86_64-nativesdk-bstsdk-linux/gcc-cross-canadian-aarch64/8.3.0-r0/recipe-sysroot --with-gnu-ld --enable-shared --enable-languages=c,c++ --enable-threads=posix --enable-multilib --enable-c99 --enable-long-long --enable-symvers=gnu --enable-libstdcxx-pch --program-prefix=aarch64-bst-linux- --without-local-prefix --enable-lto --disable-libssp --enable-libitm --disable-bootstrap --disable-libmudflap --with-system-zlib --with-linker-hash-style=gnu --enable-linker-build-id --with-ppl=no --with-cloog=no --enable-checking=release --enable-cheaders=c_global --without-isl --with-gxx-include-dir=/not/exist/usr/include/c++/8.3.0 --with-build-time-tools=/var/lib/jenkins/workspace/middleware_bstos_a1000/bstos/build/tmp/work/x86_64-nativesdk-bstsdk-linux/gcc-cross-canadian-aarch64/8.3.0-r0/recipe-sysroot-native/usr/aarch64-bst-linux/bin --with-sysroot=/not/exist --with-build-sysroot=/var/lib/jenkins/workspace/middleware_bstos_a1000/bstos/build/tmp/work/x86_64-nativesdk-bstsdk-linux/gcc-cross-canadian-aarch64/8.3.0-r0/recipe-sysroot --without-long-double-128 libgcc_cv_powerpc_float128=no --enable-poison-system-directories --enable-nls --with-glibc-version=2.28 --enable-initfini-array --enable-__cxa_atexit
Thread model: posix
gcc version 8.3.0 (GCC) 
COMPILER_PATH=/home/allen/a1000-sdk/sysroots/x86_64-bstsdk-linux/usr/libexec/aarch64-bst-linux/gcc/aarch64-bst-linux/8.3.0/:/home/allen/a1000-sdk/sysroots/x86_64-bstsdk-linux/usr/libexec/aarch64-bst-linux/gcc/aarch64-bst-linux/8.3.0/:/home/allen/a1000-sdk/sysroots/x86_64-bstsdk-linux/usr/libexec/aarch64-bst-linux/gcc/aarch64-bst-linux/:/home/allen/a1000-sdk/sysroots/x86_64-bstsdk-linux/usr/lib/aarch64-bst-linux/gcc/aarch64-bst-linux/8.3.0/:/home/allen/a1000-sdk/sysroots/x86_64-bstsdk-linux/usr/lib/aarch64-bst-linux/gcc/aarch64-bst-linux/
LIBRARY_PATH=/home/allen/a1000-sdk/sysroots/x86_64-bstsdk-linux/usr/lib/aarch64-bst-linux/gcc/aarch64-bst-linux/8.3.0/:/home/allen/a1000-sdk/sysroots/aarch64-bst-linux/lib/:/home/allen/a1000-sdk/sysroots/aarch64-bst-linux/usr/lib/aarch64-bst-linux/8.3.0/:/home/allen/a1000-sdk/sysroots/aarch64-bst-linux/usr/lib/
COLLECT_GCC_OPTIONS='--sysroot=/home/allen/a1000-sdk/sysroots/aarch64-bst-linux' '-O2' '-pipe' '-g' '-feliminate-unused-debug-types' '-v' '-o' 'cmTC_7b766' '-mlittle-endian' '-mabi=lp64'
 /home/allen/a1000-sdk/sysroots/x86_64-bstsdk-linux/usr/libexec/aarch64-bst-linux/gcc/aarch64-bst-linux/8.3.0/collect2 -plugin /home/allen/a1000-sdk/sysroots/x86_64-bstsdk-linux/usr/libexec/aarch64-bst-linux/gcc/aarch64-bst-linux/8.3.0/liblto_plugin.so -plugin-opt=/home/allen/a1000-sdk/sysroots/x86_64-bstsdk-linux/usr/libexec/aarch64-bst-linux/gcc/aarch64-bst-linux/8.3.0/lto-wrapper -plugin-opt=-fresolution=/tmp/ccMkBSek.res -plugin-opt=-pass-through=-lgcc -plugin-opt=-pass-through=-lgcc_s -plugin-opt=-pass-through=-lc -plugin-opt=-pass-through=-lgcc -plugin-opt=-pass-through=-lgcc_s --sysroot=/home/allen/a1000-sdk/sysroots/aarch64-bst-linux --build-id --eh-frame-hdr --hash-style=gnu -dynamic-linker /lib/ld-linux-aarch64.so.1 -X -EL -maarch64linux -o cmTC_7b766 /home/allen/a1000-sdk/sysroots/aarch64-bst-linux/usr/lib/crt1.o /home/allen/a1000-sdk/sysroots/aarch64-bst-linux/usr/lib/crti.o /home/allen/a1000-sdk/sysroots/aarch64-bst-linux/usr/lib/aarch64-bst-linux/8.3.0/crtbegin.o -L/home/allen/a1000-sdk/sysroots/x86_64-bstsdk-linux/usr/lib/aarch64-bst-linux/gcc/aarch64-bst-linux/8.3.0 -L/home/allen/a1000-sdk/sysroots/aarch64-bst-linux/lib -L/home/allen/a1000-sdk/sysroots/aarch64-bst-linux/usr/lib/aarch64-bst-linux/8.3.0 -L/home/allen/a1000-sdk/sysroots/aarch64-bst-linux/usr/lib -O1 --hash-style=gnu --as-needed CMakeFiles/cmTC_7b766.dir/CMakeCCompilerABI.c.o -lgcc --as-needed -lgcc_s --no-as-needed -lc -lgcc --as-needed -lgcc_s --no-as-needed /home/allen/a1000-sdk/sysroots/aarch64-bst-linux/usr/lib/aarch64-bst-linux/8.3.0/crtend.o /home/allen/a1000-sdk/sysroots/aarch64-bst-linux/usr/lib/crtn.o
COLLECT_GCC_OPTIONS='--sysroot=/home/allen/a1000-sdk/sysroots/aarch64-bst-linux' '-O2' '-pipe' '-g' '-feliminate-unused-debug-types' '-v' '-o' 'cmTC_7b766' '-mlittle-endian' '-mabi=lp64'
make[1]: Leaving directory '/home/allen/ipcamera/onvif/build/CMakeFiles/CMakeTmp'


Parsed C implicit include dir info from above output: rv=done
  found start of include info
  found start of implicit include info
    add: [/home/allen/a1000-sdk/sysroots/x86_64-bstsdk-linux/usr/lib/aarch64-bst-linux/gcc/aarch64-bst-linux/8.3.0/include]
    add: [/home/allen/a1000-sdk/sysroots/x86_64-bstsdk-linux/usr/lib/aarch64-bst-linux/gcc/aarch64-bst-linux/8.3.0/include-fixed]
    add: [/home/allen/a1000-sdk/sysroots/aarch64-bst-linux/usr/include/]
  end of search list found
  collapse include dir [/home/allen/a1000-sdk/sysroots/x86_64-bstsdk-linux/usr/lib/aarch64-bst-linux/gcc/aarch64-bst-linux/8.3.0/include] ==> [/home/allen/a1000-sdk/sysroots/x86_64-bstsdk-linux/usr/lib/aarch64-bst-linux/gcc/aarch64-bst-linux/8.3.0/include]
  collapse include dir [/home/allen/a1000-sdk/sysroots/x86_64-bstsdk-linux/usr/lib/aarch64-bst-linux/gcc/aarch64-bst-linux/8.3.0/include-fixed] ==> [/home/allen/a1000-sdk/sysroots/x86_64-bstsdk-linux/usr/lib/aarch64-bst-linux/gcc/aarch64-bst-linux/8.3.0/include-fixed]
  collapse include dir [/home/allen/a1000-sdk/sysroots/aarch64-bst-linux/usr/include/] ==> [/home/allen/a1000-sdk/sysroots/aarch64-bst-linux/usr/include]
  implicit include dirs: [/home/allen/a1000-sdk/sysroots/x86_64-bstsdk-linux/usr/lib/aarch64-bst-linux/gcc/aarch64-bst-linux/8.3.0/include;/home/allen/a1000-sdk/sysroots/x86_64-bstsdk-linux/usr/lib/aarch64-bst-linux/gcc/aarch64-bst-linux/8.3.0/include-fixed;/home/allen/a1000-sdk/sysroots/aarch64-bst-linux/usr/include]


Parsed C implicit link information from above output:
  link line regex: [^( *|.*[/\])(aarch64-bst-linux-ld|CMAKE_LINK_STARTFILE-NOTFOUND|([^/\]+-)?ld|collect2)[^/\]*( |$)]
  ignore line: [Change Dir: /home/allen/ipcamera/onvif/build/CMakeFiles/CMakeTmp]
  ignore line: []
  ignore line: [Run Build Command(s):/usr/bin/make cmTC_7b766/fast ]
  ignore line: [/usr/bin/make -f CMakeFiles/cmTC_7b766.dir/build.make CMakeFiles/cmTC_7b766.dir/build]
  ignore line: [make[1]: Entering directory '/home/allen/ipcamera/onvif/build/CMakeFiles/CMakeTmp']
  ignore line: [Building C object CMakeFiles/cmTC_7b766.dir/CMakeCCompilerABI.c.o]
  ignore line: [/home/allen/a1000-sdk/sysroots/x86_64-bstsdk-linux/usr/bin/aarch64-bst-linux/aarch64-bst-linux-gcc   --sysroot=/home/allen/a1000-sdk/sysroots/aarch64-bst-linux --sysroot=/home/allen/a1000-sdk/sysroots/aarch64-bst-linux   -O2 -pipe -g -feliminate-unused-debug-types     -v -o CMakeFiles/cmTC_7b766.dir/CMakeCCompilerABI.c.o   -c /home/allen/a1000-sdk/sysroots/x86_64-bstsdk-linux/usr/share/cmake-3.14/Modules/CMakeCCompilerABI.c]
  ignore line: [Using built-in specs.]
  ignore line: [COLLECT_GCC=/home/allen/a1000-sdk/sysroots/x86_64-bstsdk-linux/usr/bin/aarch64-bst-linux/aarch64-bst-linux-gcc]
  ignore line: [Target: aarch64-bst-linux]
  ignore line: [Configured with: ../../../../../../work-shared/gcc-8.3.0-r0/gcc-8.3.0/configure --build=x86_64-linux --host=x86_64-bstsdk-linux --target=aarch64-bst-linux --prefix=/opt/bstos/0.3.0-/sysroots/x86_64-bstsdk-linux/usr --exec_prefix=/opt/bstos/0.3.0-/sysroots/x86_64-bstsdk-linux/usr --bindir=/opt/bstos/0.3.0-/sysroots/x86_64-bstsdk-linux/usr/bin/aarch64-bst-linux --sbindir=/opt/bstos/0.3.0-/sysroots/x86_64-bstsdk-linux/usr/bin/aarch64-bst-linux --libexecdir=/opt/bstos/0.3.0-/sysroots/x86_64-bstsdk-linux/usr/libexec/aarch64-bst-linux --datadir=/opt/bstos/0.3.0-/sysroots/x86_64-bstsdk-linux/usr/share --sysconfdir=/opt/bstos/0.3.0-/sysroots/x86_64-bstsdk-linux/etc --sharedstatedir=/opt/bstos/0.3.0-/sysroots/x86_64-bstsdk-linux/com --localstatedir=/opt/bstos/0.3.0-/sysroots/x86_64-bstsdk-linux/var --libdir=/opt/bstos/0.3.0-/sysroots/x86_64-bstsdk-linux/usr/lib/aarch64-bst-linux --includedir=/opt/bstos/0.3.0-/sysroots/x86_64-bstsdk-linux/usr/include --oldincludedir=/opt/bstos/0.3.0-/sysroots/x86_64-bstsdk-linux/usr/include --infodir=/opt/bstos/0.3.0-/sysroots/x86_64-bstsdk-linux/usr/share/info --mandir=/opt/bstos/0.3.0-/sysroots/x86_64-bstsdk-linux/usr/share/man --disable-silent-rules --disable-dependency-tracking --with-libtool-sysroot=/var/lib/jenkins/workspace/middleware_bstos_a1000/bstos/build/tmp/work/x86_64-nativesdk-bstsdk-linux/gcc-cross-canadian-aarch64/8.3.0-r0/recipe-sysroot --with-gnu-ld --enable-shared --enable-languages=c,c++ --enable-threads=posix --enable-multilib --enable-c99 --enable-long-long --enable-symvers=gnu --enable-libstdcxx-pch --program-prefix=aarch64-bst-linux- --without-local-prefix --enable-lto --disable-libssp --enable-libitm --disable-bootstrap --disable-libmudflap --with-system-zlib --with-linker-hash-style=gnu --enable-linker-build-id --with-ppl=no --with-cloog=no --enable-checking=release --enable-cheaders=c_global --without-isl --with-gxx-include-dir=/not/exist/usr/include/c++/8.3.0 --with-build-time-tools=/var/lib/jenkins/workspace/middleware_bstos_a1000/bstos/build/tmp/work/x86_64-nativesdk-bstsdk-linux/gcc-cross-canadian-aarch64/8.3.0-r0/recipe-sysroot-native/usr/aarch64-bst-linux/bin --with-sysroot=/not/exist --with-build-sysroot=/var/lib/jenkins/workspace/middleware_bstos_a1000/bstos/build/tmp/work/x86_64-nativesdk-bstsdk-linux/gcc-cross-canadian-aarch64/8.3.0-r0/recipe-sysroot --without-long-double-128 libgcc_cv_powerpc_float128=no --enable-poison-system-directories --enable-nls --with-glibc-version=2.28 --enable-initfini-array --enable-__cxa_atexit]
  ignore line: [Thread model: posix]
  ignore line: [gcc version 8.3.0 (GCC) ]
  ignore line: [COLLECT_GCC_OPTIONS='--sysroot=/home/allen/a1000-sdk/sysroots/aarch64-bst-linux' '-O2' '-pipe' '-g' '-feliminate-unused-debug-types' '-v' '-o' 'CMakeFiles/cmTC_7b766.dir/CMakeCCompilerABI.c.o' '-c' '-mlittle-endian' '-mabi=lp64']
  ignore line: [ /home/allen/a1000-sdk/sysroots/x86_64-bstsdk-linux/usr/libexec/aarch64-bst-linux/gcc/aarch64-bst-linux/8.3.0/cc1 -quiet -v -isysroot /home/allen/a1000-sdk/sysroots/aarch64-bst-linux /home/allen/a1000-sdk/sysroots/x86_64-bstsdk-linux/usr/share/cmake-3.14/Modules/CMakeCCompilerABI.c -quiet -dumpbase CMakeCCompilerABI.c -mlittle-endian -mabi=lp64 -auxbase-strip CMakeFiles/cmTC_7b766.dir/CMakeCCompilerABI.c.o -g -O2 -version -feliminate-unused-debug-types -o - |]
  ignore line: [ /home/allen/a1000-sdk/sysroots/x86_64-bstsdk-linux/usr/libexec/aarch64-bst-linux/gcc/aarch64-bst-linux/8.3.0/as -v -EL -mabi=lp64 -o CMakeFiles/cmTC_7b766.dir/CMakeCCompilerABI.c.o]
  ignore line: [GNU assembler version 2.32.0 (aarch64-bst-linux) using BFD version (GNU Binutils) 2.32.0.20190204]
  ignore line: [GNU C17 (GCC) version 8.3.0 (aarch64-bst-linux)]
  ignore line: [	compiled by GNU C version 8.3.0, GMP version 6.1.2, MPFR version 4.0.2, MPC version 1.1.0, isl version none]
  ignore line: [GGC heuristics: --param ggc-min-expand=100 --param ggc-min-heapsize=131072]
  ignore line: [ignoring nonexistent directory "/home/allen/a1000-sdk/sysroots/aarch64-bst-linux/usr/lib/gcc/aarch64-bst-linux/8.3.0/include"]
  ignore line: [ignoring nonexistent directory "/home/allen/a1000-sdk/sysroots/aarch64-bst-linux/usr/local/include"]
  ignore line: [ignoring nonexistent directory "/home/allen/a1000-sdk/sysroots/x86_64-bstsdk-linux/usr/lib/aarch64-bst-linux/gcc/aarch64-bst-linux/8.3.0/../../../../../aarch64-bst-linux/include"]
  ignore line: [#include "..." search starts here:]
  ignore line: [#include <...> search starts here:]
  ignore line: [ /home/allen/a1000-sdk/sysroots/x86_64-bstsdk-linux/usr/lib/aarch64-bst-linux/gcc/aarch64-bst-linux/8.3.0/include]
  ignore line: [ /home/allen/a1000-sdk/sysroots/x86_64-bstsdk-linux/usr/lib/aarch64-bst-linux/gcc/aarch64-bst-linux/8.3.0/include-fixed]
  ignore line: [ /home/allen/a1000-sdk/sysroots/aarch64-bst-linux/usr/include/]
  ignore line: [End of search list.]
  ignore line: [GNU C17 (GCC) version 8.3.0 (aarch64-bst-linux)]
  ignore line: [	compiled by GNU C version 8.3.0, GMP version 6.1.2, MPFR version 4.0.2, MPC version 1.1.0, isl version none]
  ignore line: [GGC heuristics: --param ggc-min-expand=100 --param ggc-min-heapsize=131072]
  ignore line: [Compiler executable checksum: f2a8e94e000268ef0a97a5d2dc77328c]
  ignore line: [COMPILER_PATH=/home/allen/a1000-sdk/sysroots/x86_64-bstsdk-linux/usr/libexec/aarch64-bst-linux/gcc/aarch64-bst-linux/8.3.0/:/home/allen/a1000-sdk/sysroots/x86_64-bstsdk-linux/usr/libexec/aarch64-bst-linux/gcc/aarch64-bst-linux/8.3.0/:/home/allen/a1000-sdk/sysroots/x86_64-bstsdk-linux/usr/libexec/aarch64-bst-linux/gcc/aarch64-bst-linux/:/home/allen/a1000-sdk/sysroots/x86_64-bstsdk-linux/usr/lib/aarch64-bst-linux/gcc/aarch64-bst-linux/8.3.0/:/home/allen/a1000-sdk/sysroots/x86_64-bstsdk-linux/usr/lib/aarch64-bst-linux/gcc/aarch64-bst-linux/]
  ignore line: [LIBRARY_PATH=/home/allen/a1000-sdk/sysroots/x86_64-bstsdk-linux/usr/lib/aarch64-bst-linux/gcc/aarch64-bst-linux/8.3.0/:/home/allen/a1000-sdk/sysroots/aarch64-bst-linux/lib/:/home/allen/a1000-sdk/sysroots/aarch64-bst-linux/usr/lib/aarch64-bst-linux/8.3.0/:/home/allen/a1000-sdk/sysroots/aarch64-bst-linux/usr/lib/]
  ignore line: [COLLECT_GCC_OPTIONS='--sysroot=/home/allen/a1000-sdk/sysroots/aarch64-bst-linux' '-O2' '-pipe' '-g' '-feliminate-unused-debug-types' '-v' '-o' 'CMakeFiles/cmTC_7b766.dir/CMakeCCompilerABI.c.o' '-c' '-mlittle-endian' '-mabi=lp64']
  ignore line: [Linking C executable cmTC_7b766]
  ignore line: [/home/allen/a1000-sdk/sysroots/x86_64-bstsdk-linux/usr/bin/cmake -E cmake_link_script CMakeFiles/cmTC_7b766.dir/link.txt --verbose=1]
  ignore line: [/home/allen/a1000-sdk/sysroots/x86_64-bstsdk-linux/usr/bin/aarch64-bst-linux/aarch64-bst-linux-gcc   --sysroot=/home/allen/a1000-sdk/sysroots/aarch64-bst-linux --sysroot=/home/allen/a1000-sdk/sysroots/aarch64-bst-linux  -O2 -pipe -g -feliminate-unused-debug-types    -Wl,-O1 -Wl,--hash-style=gnu -Wl,--as-needed -v CMakeFiles/cmTC_7b766.dir/CMakeCCompilerABI.c.o  -o cmTC_7b766 ]
  ignore line: [Using built-in specs.]
  ignore line: [COLLECT_GCC=/home/allen/a1000-sdk/sysroots/x86_64-bstsdk-linux/usr/bin/aarch64-bst-linux/aarch64-bst-linux-gcc]
  ignore line: [COLLECT_LTO_WRAPPER=/home/allen/a1000-sdk/sysroots/x86_64-bstsdk-linux/usr/libexec/aarch64-bst-linux/gcc/aarch64-bst-linux/8.3.0/lto-wrapper]
  ignore line: [Target: aarch64-bst-linux]
  ignore line: [Configured with: ../../../../../../work-shared/gcc-8.3.0-r0/gcc-8.3.0/configure --build=x86_64-linux --host=x86_64-bstsdk-linux --target=aarch64-bst-linux --prefix=/opt/bstos/0.3.0-/sysroots/x86_64-bstsdk-linux/usr --exec_prefix=/opt/bstos/0.3.0-/sysroots/x86_64-bstsdk-linux/usr --bindir=/opt/bstos/0.3.0-/sysroots/x86_64-bstsdk-linux/usr/bin/aarch64-bst-linux --sbindir=/opt/bstos/0.3.0-/sysroots/x86_64-bstsdk-linux/usr/bin/aarch64-bst-linux --libexecdir=/opt/bstos/0.3.0-/sysroots/x86_64-bstsdk-linux/usr/libexec/aarch64-bst-linux --datadir=/opt/bstos/0.3.0-/sysroots/x86_64-bstsdk-linux/usr/share --sysconfdir=/opt/bstos/0.3.0-/sysroots/x86_64-bstsdk-linux/etc --sharedstatedir=/opt/bstos/0.3.0-/sysroots/x86_64-bstsdk-linux/com --localstatedir=/opt/bstos/0.3.0-/sysroots/x86_64-bstsdk-linux/var --libdir=/opt/bstos/0.3.0-/sysroots/x86_64-bstsdk-linux/usr/lib/aarch64-bst-linux --includedir=/opt/bstos/0.3.0-/sysroots/x86_64-bstsdk-linux/usr/include --oldincludedir=/opt/bstos/0.3.0-/sysroots/x86_64-bstsdk-linux/usr/include --infodir=/opt/bstos/0.3.0-/sysroots/x86_64-bstsdk-linux/usr/share/info --mandir=/opt/bstos/0.3.0-/sysroots/x86_64-bstsdk-linux/usr/share/man --disable-silent-rules --disable-dependency-tracking --with-libtool-sysroot=/var/lib/jenkins/workspace/middleware_bstos_a1000/bstos/build/tmp/work/x86_64-nativesdk-bstsdk-linux/gcc-cross-canadian-aarch64/8.3.0-r0/recipe-sysroot --with-gnu-ld --enable-shared --enable-languages=c,c++ --enable-threads=posix --enable-multilib --enable-c99 --enable-long-long --enable-symvers=gnu --enable-libstdcxx-pch --program-prefix=aarch64-bst-linux- --without-local-prefix --enable-lto --disable-libssp --enable-libitm --disable-bootstrap --disable-libmudflap --with-system-zlib --with-linker-hash-style=gnu --enable-linker-build-id --with-ppl=no --with-cloog=no --enable-checking=release --enable-cheaders=c_global --without-isl --with-gxx-include-dir=/not/exist/usr/include/c++/8.3.0 --with-build-time-tools=/var/lib/jenkins/workspace/middleware_bstos_a1000/bstos/build/tmp/work/x86_64-nativesdk-bstsdk-linux/gcc-cross-canadian-aarch64/8.3.0-r0/recipe-sysroot-native/usr/aarch64-bst-linux/bin --with-sysroot=/not/exist --with-build-sysroot=/var/lib/jenkins/workspace/middleware_bstos_a1000/bstos/build/tmp/work/x86_64-nativesdk-bstsdk-linux/gcc-cross-canadian-aarch64/8.3.0-r0/recipe-sysroot --without-long-double-128 libgcc_cv_powerpc_float128=no --enable-poison-system-directories --enable-nls --with-glibc-version=2.28 --enable-initfini-array --enable-__cxa_atexit]
  ignore line: [Thread model: posix]
  ignore line: [gcc version 8.3.0 (GCC) ]
  ignore line: [COMPILER_PATH=/home/allen/a1000-sdk/sysroots/x86_64-bstsdk-linux/usr/libexec/aarch64-bst-linux/gcc/aarch64-bst-linux/8.3.0/:/home/allen/a1000-sdk/sysroots/x86_64-bstsdk-linux/usr/libexec/aarch64-bst-linux/gcc/aarch64-bst-linux/8.3.0/:/home/allen/a1000-sdk/sysroots/x86_64-bstsdk-linux/usr/libexec/aarch64-bst-linux/gcc/aarch64-bst-linux/:/home/allen/a1000-sdk/sysroots/x86_64-bstsdk-linux/usr/lib/aarch64-bst-linux/gcc/aarch64-bst-linux/8.3.0/:/home/allen/a1000-sdk/sysroots/x86_64-bstsdk-linux/usr/lib/aarch64-bst-linux/gcc/aarch64-bst-linux/]
  ignore line: [LIBRARY_PATH=/home/allen/a1000-sdk/sysroots/x86_64-bstsdk-linux/usr/lib/aarch64-bst-linux/gcc/aarch64-bst-linux/8.3.0/:/home/allen/a1000-sdk/sysroots/aarch64-bst-linux/lib/:/home/allen/a1000-sdk/sysroots/aarch64-bst-linux/usr/lib/aarch64-bst-linux/8.3.0/:/home/allen/a1000-sdk/sysroots/aarch64-bst-linux/usr/lib/]
  ignore line: [COLLECT_GCC_OPTIONS='--sysroot=/home/allen/a1000-sdk/sysroots/aarch64-bst-linux' '-O2' '-pipe' '-g' '-feliminate-unused-debug-types' '-v' '-o' 'cmTC_7b766' '-mlittle-endian' '-mabi=lp64']
  link line: [ /home/allen/a1000-sdk/sysroots/x86_64-bstsdk-linux/usr/libexec/aarch64-bst-linux/gcc/aarch64-bst-linux/8.3.0/collect2 -plugin /home/allen/a1000-sdk/sysroots/x86_64-bstsdk-linux/usr/libexec/aarch64-bst-linux/gcc/aarch64-bst-linux/8.3.0/liblto_plugin.so -plugin-opt=/home/allen/a1000-sdk/sysroots/x86_64-bstsdk-linux/usr/libexec/aarch64-bst-linux/gcc/aarch64-bst-linux/8.3.0/lto-wrapper -plugin-opt=-fresolution=/tmp/ccMkBSek.res -plugin-opt=-pass-through=-lgcc -plugin-opt=-pass-through=-lgcc_s -plugin-opt=-pass-through=-lc -plugin-opt=-pass-through=-lgcc -plugin-opt=-pass-through=-lgcc_s --sysroot=/home/allen/a1000-sdk/sysroots/aarch64-bst-linux --build-id --eh-frame-hdr --hash-style=gnu -dynamic-linker /lib/ld-linux-aarch64.so.1 -X -EL -maarch64linux -o cmTC_7b766 /home/allen/a1000-sdk/sysroots/aarch64-bst-linux/usr/lib/crt1.o /home/allen/a1000-sdk/sysroots/aarch64-bst-linux/usr/lib/crti.o /home/allen/a1000-sdk/sysroots/aarch64-bst-linux/usr/lib/aarch64-bst-linux/8.3.0/crtbegin.o -L/home/allen/a1000-sdk/sysroots/x86_64-bstsdk-linux/usr/lib/aarch64-bst-linux/gcc/aarch64-bst-linux/8.3.0 -L/home/allen/a1000-sdk/sysroots/aarch64-bst-linux/lib -L/home/allen/a1000-sdk/sysroots/aarch64-bst-linux/usr/lib/aarch64-bst-linux/8.3.0 -L/home/allen/a1000-sdk/sysroots/aarch64-bst-linux/usr/lib -O1 --hash-style=gnu --as-needed CMakeFiles/cmTC_7b766.dir/CMakeCCompilerABI.c.o -lgcc --as-needed -lgcc_s --no-as-needed -lc -lgcc --as-needed -lgcc_s --no-as-needed /home/allen/a1000-sdk/sysroots/aarch64-bst-linux/usr/lib/aarch64-bst-linux/8.3.0/crtend.o /home/allen/a1000-sdk/sysroots/aarch64-bst-linux/usr/lib/crtn.o]
    arg [/home/allen/a1000-sdk/sysroots/x86_64-bstsdk-linux/usr/libexec/aarch64-bst-linux/gcc/aarch64-bst-linux/8.3.0/collect2] ==> ignore
    arg [-plugin] ==> ignore
    arg [/home/allen/a1000-sdk/sysroots/x86_64-bstsdk-linux/usr/libexec/aarch64-bst-linux/gcc/aarch64-bst-linux/8.3.0/liblto_plugin.so] ==> ignore
    arg [-plugin-opt=/home/allen/a1000-sdk/sysroots/x86_64-bstsdk-linux/usr/libexec/aarch64-bst-linux/gcc/aarch64-bst-linux/8.3.0/lto-wrapper] ==> ignore
    arg [-plugin-opt=-fresolution=/tmp/ccMkBSek.res] ==> ignore
    arg [-plugin-opt=-pass-through=-lgcc] ==> ignore
    arg [-plugin-opt=-pass-through=-lgcc_s] ==> ignore
    arg [-plugin-opt=-pass-through=-lc] ==> ignore
    arg [-plugin-opt=-pass-through=-lgcc] ==> ignore
    arg [-plugin-opt=-pass-through=-lgcc_s] ==> ignore
    arg [--sysroot=/home/allen/a1000-sdk/sysroots/aarch64-bst-linux] ==> ignore
    arg [--build-id] ==> ignore
    arg [--eh-frame-hdr] ==> ignore
    arg [--hash-style=gnu] ==> ignore
    arg [-dynamic-linker] ==> ignore
    arg [/lib/ld-linux-aarch64.so.1] ==> ignore
    arg [-X] ==> ignore
    arg [-EL] ==> ignore
    arg [-maarch64linux] ==> ignore
    arg [-o] ==> ignore
    arg [cmTC_7b766] ==> ignore
    arg [/home/allen/a1000-sdk/sysroots/aarch64-bst-linux/usr/lib/crt1.o] ==> ignore
    arg [/home/allen/a1000-sdk/sysroots/aarch64-bst-linux/usr/lib/crti.o] ==> ignore
    arg [/home/allen/a1000-sdk/sysroots/aarch64-bst-linux/usr/lib/aarch64-bst-linux/8.3.0/crtbegin.o] ==> ignore
    arg [-L/home/allen/a1000-sdk/sysroots/x86_64-bstsdk-linux/usr/lib/aarch64-bst-linux/gcc/aarch64-bst-linux/8.3.0] ==> dir [/home/allen/a1000-sdk/sysroots/x86_64-bstsdk-linux/usr/lib/aarch64-bst-linux/gcc/aarch64-bst-linux/8.3.0]
    arg [-L/home/allen/a1000-sdk/sysroots/aarch64-bst-linux/lib] ==> dir [/home/allen/a1000-sdk/sysroots/aarch64-bst-linux/lib]
    arg [-L/home/allen/a1000-sdk/sysroots/aarch64-bst-linux/usr/lib/aarch64-bst-linux/8.3.0] ==> dir [/home/allen/a1000-sdk/sysroots/aarch64-bst-linux/usr/lib/aarch64-bst-linux/8.3.0]
    arg [-L/home/allen/a1000-sdk/sysroots/aarch64-bst-linux/usr/lib] ==> dir [/home/allen/a1000-sdk/sysroots/aarch64-bst-linux/usr/lib]
    arg [-O1] ==> ignore
    arg [--hash-style=gnu] ==> ignore
    arg [--as-needed] ==> ignore
    arg [CMakeFiles/cmTC_7b766.dir/CMakeCCompilerABI.c.o] ==> ignore
    arg [-lgcc] ==> lib [gcc]
    arg [--as-needed] ==> ignore
    arg [-lgcc_s] ==> lib [gcc_s]
    arg [--no-as-needed] ==> ignore
    arg [-lc] ==> lib [c]
    arg [-lgcc] ==> lib [gcc]
    arg [--as-needed] ==> ignore
    arg [-lgcc_s] ==> lib [gcc_s]
    arg [--no-as-needed] ==> ignore
    arg [/home/allen/a1000-sdk/sysroots/aarch64-bst-linux/usr/lib/aarch64-bst-linux/8.3.0/crtend.o] ==> ignore
    arg [/home/allen/a1000-sdk/sysroots/aarch64-bst-linux/usr/lib/crtn.o] ==> ignore
  collapse library dir [/home/allen/a1000-sdk/sysroots/x86_64-bstsdk-linux/usr/lib/aarch64-bst-linux/gcc/aarch64-bst-linux/8.3.0] ==> [/home/allen/a1000-sdk/sysroots/x86_64-bstsdk-linux/usr/lib/aarch64-bst-linux/gcc/aarch64-bst-linux/8.3.0]
  collapse library dir [/home/allen/a1000-sdk/sysroots/aarch64-bst-linux/lib] ==> [/home/allen/a1000-sdk/sysroots/aarch64-bst-linux/lib]
  collapse library dir [/home/allen/a1000-sdk/sysroots/aarch64-bst-linux/usr/lib/aarch64-bst-linux/8.3.0] ==> [/home/allen/a1000-sdk/sysroots/aarch64-bst-linux/usr/lib/aarch64-bst-linux/8.3.0]
  collapse library dir [/home/allen/a1000-sdk/sysroots/aarch64-bst-linux/usr/lib] ==> [/home/allen/a1000-sdk/sysroots/aarch64-bst-linux/usr/lib]
  implicit libs: [gcc;gcc_s;c;gcc;gcc_s]
  implicit dirs: [/home/allen/a1000-sdk/sysroots/x86_64-bstsdk-linux/usr/lib/aarch64-bst-linux/gcc/aarch64-bst-linux/8.3.0;/home/allen/a1000-sdk/sysroots/aarch64-bst-linux/lib;/home/allen/a1000-sdk/sysroots/aarch64-bst-linux/usr/lib/aarch64-bst-linux/8.3.0;/home/allen/a1000-sdk/sysroots/aarch64-bst-linux/usr/lib]
  implicit fwks: []




Detecting C [-std=c11] compiler features compiled with the following output:
Change Dir: /home/allen/ipcamera/onvif/build/CMakeFiles/CMakeTmp

Run Build Command(s):/usr/bin/make cmTC_7fb5f/fast 
/usr/bin/make -f CMakeFiles/cmTC_7fb5f.dir/build.make CMakeFiles/cmTC_7fb5f.dir/build
make[1]: Entering directory '/home/allen/ipcamera/onvif/build/CMakeFiles/CMakeTmp'
Building C object CMakeFiles/cmTC_7fb5f.dir/feature_tests.c.o
/home/allen/a1000-sdk/sysroots/x86_64-bstsdk-linux/usr/bin/aarch64-bst-linux/aarch64-bst-linux-gcc   --sysroot=/home/allen/a1000-sdk/sysroots/aarch64-bst-linux --sysroot=/home/allen/a1000-sdk/sysroots/aarch64-bst-linux   -O2 -pipe -g -feliminate-unused-debug-types     -std=c11 -o CMakeFiles/cmTC_7fb5f.dir/feature_tests.c.o   -c /home/allen/ipcamera/onvif/build/CMakeFiles/feature_tests.c
Linking C executable cmTC_7fb5f
/home/allen/a1000-sdk/sysroots/x86_64-bstsdk-linux/usr/bin/cmake -E cmake_link_script CMakeFiles/cmTC_7fb5f.dir/link.txt --verbose=1
/home/allen/a1000-sdk/sysroots/x86_64-bstsdk-linux/usr/bin/aarch64-bst-linux/aarch64-bst-linux-gcc   --sysroot=/home/allen/a1000-sdk/sysroots/aarch64-bst-linux --sysroot=/home/allen/a1000-sdk/sysroots/aarch64-bst-linux  -O2 -pipe -g -feliminate-unused-debug-types    -Wl,-O1 -Wl,--hash-style=gnu -Wl,--as-needed  CMakeFiles/cmTC_7fb5f.dir/feature_tests.c.o  -o cmTC_7fb5f 
make[1]: Leaving directory '/home/allen/ipcamera/onvif/build/CMakeFiles/CMakeTmp'


    Feature record: C_FEATURE:1c_function_prototypes
    Feature record: C_FEATURE:1c_restrict
    Feature record: C_FEATURE:1c_static_assert
    Feature record: C_FEATURE:1c_variadic_macros


Detecting C [-std=c99] compiler features compiled with the following output:
Change Dir: /home/allen/ipcamera/onvif/build/CMakeFiles/CMakeTmp

Run Build Command(s):/usr/bin/make cmTC_da96f/fast 
/usr/bin/make -f CMakeFiles/cmTC_da96f.dir/build.make CMakeFiles/cmTC_da96f.dir/build
make[1]: Entering directory '/home/allen/ipcamera/onvif/build/CMakeFiles/CMakeTmp'
Building C object CMakeFiles/cmTC_da96f.dir/feature_tests.c.o
/home/allen/a1000-sdk/sysroots/x86_64-bstsdk-linux/usr/bin/aarch64-bst-linux/aarch64-bst-linux-gcc   --sysroot=/home/allen/a1000-sdk/sysroots/aarch64-bst-linux --sysroot=/home/allen/a1000-sdk/sysroots/aarch64-bst-linux   -O2 -pipe -g -feliminate-unused-debug-types     -std=c99 -o CMakeFiles/cmTC_da96f.dir/feature_tests.c.o   -c /home/allen/ipcamera/onvif/build/CMakeFiles/feature_tests.c
Linking C executable cmTC_da96f
/home/allen/a1000-sdk/sysroots/x86_64-bstsdk-linux/usr/bin/cmake -E cmake_link_script CMakeFiles/cmTC_da96f.dir/link.txt --verbose=1
/home/allen/a1000-sdk/sysroots/x86_64-bstsdk-linux/usr/bin/aarch64-bst-linux/aarch64-bst-linux-gcc   --sysroot=/home/allen/a1000-sdk/sysroots/aarch64-bst-linux --sysroot=/home/allen/a1000-sdk/sysroots/aarch64-bst-linux  -O2 -pipe -g -feliminate-unused-debug-types    -Wl,-O1 -Wl,--hash-style=gnu -Wl,--as-needed  CMakeFiles/cmTC_da96f.dir/feature_tests.c.o  -o cmTC_da96f 
make[1]: Leaving directory '/home/allen/ipcamera/onvif/build/CMakeFiles/CMakeTmp'


    Feature record: C_FEATURE:1c_function_prototypes
    Feature record: C_FEATURE:1c_restrict
    Feature record: C_FEATURE:0c_static_assert
    Feature record: C_FEATURE:1c_variadic_macros


Detecting C [-std=c90] compiler features compiled with the following output:
Change Dir: /home/allen/ipcamera/onvif/build/CMakeFiles/CMakeTmp

Run Build Command(s):/usr/bin/make cmTC_81eb8/fast 
/usr/bin/make -f CMakeFiles/cmTC_81eb8.dir/build.make CMakeFiles/cmTC_81eb8.dir/build
make[1]: Entering directory '/home/allen/ipcamera/onvif/build/CMakeFiles/CMakeTmp'
Building C object CMakeFiles/cmTC_81eb8.dir/feature_tests.c.o
/home/allen/a1000-sdk/sysroots/x86_64-bstsdk-linux/usr/bin/aarch64-bst-linux/aarch64-bst-linux-gcc   --sysroot=/home/allen/a1000-sdk/sysroots/aarch64-bst-linux --sysroot=/home/allen/a1000-sdk/sysroots/aarch64-bst-linux   -O2 -pipe -g -feliminate-unused-debug-types     -std=c90 -o CMakeFiles/cmTC_81eb8.dir/feature_tests.c.o   -c /home/allen/ipcamera/onvif/build/CMakeFiles/feature_tests.c
Linking C executable cmTC_81eb8
/home/allen/a1000-sdk/sysroots/x86_64-bstsdk-linux/usr/bin/cmake -E cmake_link_script CMakeFiles/cmTC_81eb8.dir/link.txt --verbose=1
/home/allen/a1000-sdk/sysroots/x86_64-bstsdk-linux/usr/bin/aarch64-bst-linux/aarch64-bst-linux-gcc   --sysroot=/home/allen/a1000-sdk/sysroots/aarch64-bst-linux --sysroot=/home/allen/a1000-sdk/sysroots/aarch64-bst-linux  -O2 -pipe -g -feliminate-unused-debug-types    -Wl,-O1 -Wl,--hash-style=gnu -Wl,--as-needed  CMakeFiles/cmTC_81eb8.dir/feature_tests.c.o  -o cmTC_81eb8 
make[1]: Leaving directory '/home/allen/ipcamera/onvif/build/CMakeFiles/CMakeTmp'


    Feature record: C_FEATURE:1c_function_prototypes
    Feature record: C_FEATURE:0c_restrict
    Feature record: C_FEATURE:0c_static_assert
    Feature record: C_FEATURE:0c_variadic_macros
Determining if the CXX compiler works passed with the following output:
Change Dir: /home/allen/ipcamera/onvif/build/CMakeFiles/CMakeTmp

Run Build Command(s):/usr/bin/make cmTC_9228f/fast 
/usr/bin/make -f CMakeFiles/cmTC_9228f.dir/build.make CMakeFiles/cmTC_9228f.dir/build
make[1]: Entering directory '/home/allen/ipcamera/onvif/build/CMakeFiles/CMakeTmp'
Building CXX object CMakeFiles/cmTC_9228f.dir/testCXXCompiler.cxx.o
/home/allen/a1000-sdk/sysroots/x86_64-bstsdk-linux/usr/bin/aarch64-bst-linux/aarch64-bst-linux-g++   --sysroot=/home/allen/a1000-sdk/sysroots/aarch64-bst-linux --sysroot=/home/allen/a1000-sdk/sysroots/aarch64-bst-linux    -O2 -pipe -g -feliminate-unused-debug-types     -o CMakeFiles/cmTC_9228f.dir/testCXXCompiler.cxx.o -c /home/allen/ipcamera/onvif/build/CMakeFiles/CMakeTmp/testCXXCompiler.cxx
Linking CXX executable cmTC_9228f
/home/allen/a1000-sdk/sysroots/x86_64-bstsdk-linux/usr/bin/cmake -E cmake_link_script CMakeFiles/cmTC_9228f.dir/link.txt --verbose=1
/home/allen/a1000-sdk/sysroots/x86_64-bstsdk-linux/usr/bin/aarch64-bst-linux/aarch64-bst-linux-g++   --sysroot=/home/allen/a1000-sdk/sysroots/aarch64-bst-linux --sysroot=/home/allen/a1000-sdk/sysroots/aarch64-bst-linux   -O2 -pipe -g -feliminate-unused-debug-types    -Wl,-O1 -Wl,--hash-style=gnu -Wl,--as-needed  CMakeFiles/cmTC_9228f.dir/testCXXCompiler.cxx.o  -o cmTC_9228f 
make[1]: Leaving directory '/home/allen/ipcamera/onvif/build/CMakeFiles/CMakeTmp'


Detecting CXX compiler ABI info compiled with the following output:
Change Dir: /home/allen/ipcamera/onvif/build/CMakeFiles/CMakeTmp

Run Build Command(s):/usr/bin/make cmTC_ddcaa/fast 
/usr/bin/make -f CMakeFiles/cmTC_ddcaa.dir/build.make CMakeFiles/cmTC_ddcaa.dir/build
make[1]: Entering directory '/home/allen/ipcamera/onvif/build/CMakeFiles/CMakeTmp'
Building CXX object CMakeFiles/cmTC_ddcaa.dir/CMakeCXXCompilerABI.cpp.o
/home/allen/a1000-sdk/sysroots/x86_64-bstsdk-linux/usr/bin/aarch64-bst-linux/aarch64-bst-linux-g++   --sysroot=/home/allen/a1000-sdk/sysroots/aarch64-bst-linux --sysroot=/home/allen/a1000-sdk/sysroots/aarch64-bst-linux    -O2 -pipe -g -feliminate-unused-debug-types     -v -o CMakeFiles/cmTC_ddcaa.dir/CMakeCXXCompilerABI.cpp.o -c /home/allen/a1000-sdk/sysroots/x86_64-bstsdk-linux/usr/share/cmake-3.14/Modules/CMakeCXXCompilerABI.cpp
Using built-in specs.
COLLECT_GCC=/home/allen/a1000-sdk/sysroots/x86_64-bstsdk-linux/usr/bin/aarch64-bst-linux/aarch64-bst-linux-g++
Target: aarch64-bst-linux
Configured with: ../../../../../../work-shared/gcc-8.3.0-r0/gcc-8.3.0/configure --build=x86_64-linux --host=x86_64-bstsdk-linux --target=aarch64-bst-linux --prefix=/opt/bstos/0.3.0-/sysroots/x86_64-bstsdk-linux/usr --exec_prefix=/opt/bstos/0.3.0-/sysroots/x86_64-bstsdk-linux/usr --bindir=/opt/bstos/0.3.0-/sysroots/x86_64-bstsdk-linux/usr/bin/aarch64-bst-linux --sbindir=/opt/bstos/0.3.0-/sysroots/x86_64-bstsdk-linux/usr/bin/aarch64-bst-linux --libexecdir=/opt/bstos/0.3.0-/sysroots/x86_64-bstsdk-linux/usr/libexec/aarch64-bst-linux --datadir=/opt/bstos/0.3.0-/sysroots/x86_64-bstsdk-linux/usr/share --sysconfdir=/opt/bstos/0.3.0-/sysroots/x86_64-bstsdk-linux/etc --sharedstatedir=/opt/bstos/0.3.0-/sysroots/x86_64-bstsdk-linux/com --localstatedir=/opt/bstos/0.3.0-/sysroots/x86_64-bstsdk-linux/var --libdir=/opt/bstos/0.3.0-/sysroots/x86_64-bstsdk-linux/usr/lib/aarch64-bst-linux --includedir=/opt/bstos/0.3.0-/sysroots/x86_64-bstsdk-linux/usr/include --oldincludedir=/opt/bstos/0.3.0-/sysroots/x86_64-bstsdk-linux/usr/include --infodir=/opt/bstos/0.3.0-/sysroots/x86_64-bstsdk-linux/usr/share/info --mandir=/opt/bstos/0.3.0-/sysroots/x86_64-bstsdk-linux/usr/share/man --disable-silent-rules --disable-dependency-tracking --with-libtool-sysroot=/var/lib/jenkins/workspace/middleware_bstos_a1000/bstos/build/tmp/work/x86_64-nativesdk-bstsdk-linux/gcc-cross-canadian-aarch64/8.3.0-r0/recipe-sysroot --with-gnu-ld --enable-shared --enable-languages=c,c++ --enable-threads=posix --enable-multilib --enable-c99 --enable-long-long --enable-symvers=gnu --enable-libstdcxx-pch --program-prefix=aarch64-bst-linux- --without-local-prefix --enable-lto --disable-libssp --enable-libitm --disable-bootstrap --disable-libmudflap --with-system-zlib --with-linker-hash-style=gnu --enable-linker-build-id --with-ppl=no --with-cloog=no --enable-checking=release --enable-cheaders=c_global --without-isl --with-gxx-include-dir=/not/exist/usr/include/c++/8.3.0 --with-build-time-tools=/var/lib/jenkins/workspace/middleware_bstos_a1000/bstos/build/tmp/work/x86_64-nativesdk-bstsdk-linux/gcc-cross-canadian-aarch64/8.3.0-r0/recipe-sysroot-native/usr/aarch64-bst-linux/bin --with-sysroot=/not/exist --with-build-sysroot=/var/lib/jenkins/workspace/middleware_bstos_a1000/bstos/build/tmp/work/x86_64-nativesdk-bstsdk-linux/gcc-cross-canadian-aarch64/8.3.0-r0/recipe-sysroot --without-long-double-128 libgcc_cv_powerpc_float128=no --enable-poison-system-directories --enable-nls --with-glibc-version=2.28 --enable-initfini-array --enable-__cxa_atexit
Thread model: posix
gcc version 8.3.0 (GCC) 
COLLECT_GCC_OPTIONS='--sysroot=/home/allen/a1000-sdk/sysroots/aarch64-bst-linux' '-O2' '-pipe' '-g' '-feliminate-unused-debug-types' '-v' '-o' 'CMakeFiles/cmTC_ddcaa.dir/CMakeCXXCompilerABI.cpp.o' '-c' '-shared-libgcc' '-mlittle-endian' '-mabi=lp64'
 /home/allen/a1000-sdk/sysroots/x86_64-bstsdk-linux/usr/libexec/aarch64-bst-linux/gcc/aarch64-bst-linux/8.3.0/cc1plus -quiet -v -isysroot /home/allen/a1000-sdk/sysroots/aarch64-bst-linux -D_GNU_SOURCE /home/allen/a1000-sdk/sysroots/x86_64-bstsdk-linux/usr/share/cmake-3.14/Modules/CMakeCXXCompilerABI.cpp -quiet -dumpbase CMakeCXXCompilerABI.cpp -mlittle-endian -mabi=lp64 -auxbase-strip CMakeFiles/cmTC_ddcaa.dir/CMakeCXXCompilerABI.cpp.o -g -O2 -version -feliminate-unused-debug-types -o - |
 /home/allen/a1000-sdk/sysroots/x86_64-bstsdk-linux/usr/libexec/aarch64-bst-linux/gcc/aarch64-bst-linux/8.3.0/as -v -EL -mabi=lp64 -o CMakeFiles/cmTC_ddcaa.dir/CMakeCXXCompilerABI.cpp.o
GNU assembler version 2.32.0 (aarch64-bst-linux) using BFD version (GNU Binutils) 2.32.0.20190204
GNU C++14 (GCC) version 8.3.0 (aarch64-bst-linux)
	compiled by GNU C version 8.3.0, GMP version 6.1.2, MPFR version 4.0.2, MPC version 1.1.0, isl version none
GGC heuristics: --param ggc-min-expand=100 --param ggc-min-heapsize=131072
ignoring nonexistent directory "/home/allen/a1000-sdk/sysroots/aarch64-bst-linux/usr/lib/gcc/aarch64-bst-linux/8.3.0/include"
ignoring nonexistent directory "/home/allen/a1000-sdk/sysroots/aarch64-bst-linux/usr/local/include"
ignoring nonexistent directory "/home/allen/a1000-sdk/sysroots/x86_64-bstsdk-linux/usr/lib/aarch64-bst-linux/gcc/aarch64-bst-linux/8.3.0/../../../../../aarch64-bst-linux/include"
#include "..." search starts here:
#include <...> search starts here:
 /home/allen/a1000-sdk/sysroots/aarch64-bst-linux/usr/include/c++/8.3.0
 /home/allen/a1000-sdk/sysroots/aarch64-bst-linux/usr/include/c++/8.3.0/aarch64-bst-linux
 /home/allen/a1000-sdk/sysroots/aarch64-bst-linux/usr/include/c++/8.3.0/backward
 /home/allen/a1000-sdk/sysroots/x86_64-bstsdk-linux/usr/lib/aarch64-bst-linux/gcc/aarch64-bst-linux/8.3.0/include
 /home/allen/a1000-sdk/sysroots/x86_64-bstsdk-linux/usr/lib/aarch64-bst-linux/gcc/aarch64-bst-linux/8.3.0/include-fixed
 /home/allen/a1000-sdk/sysroots/aarch64-bst-linux/usr/include/
End of search list.
GNU C++14 (GCC) version 8.3.0 (aarch64-bst-linux)
	compiled by GNU C version 8.3.0, GMP version 6.1.2, MPFR version 4.0.2, MPC version 1.1.0, isl version none
GGC heuristics: --param ggc-min-expand=100 --param ggc-min-heapsize=131072
Compiler executable checksum: 6d263a4ffab655d95408968675288ef9
COMPILER_PATH=/home/allen/a1000-sdk/sysroots/x86_64-bstsdk-linux/usr/libexec/aarch64-bst-linux/gcc/aarch64-bst-linux/8.3.0/:/home/allen/a1000-sdk/sysroots/x86_64-bstsdk-linux/usr/libexec/aarch64-bst-linux/gcc/aarch64-bst-linux/8.3.0/:/home/allen/a1000-sdk/sysroots/x86_64-bstsdk-linux/usr/libexec/aarch64-bst-linux/gcc/aarch64-bst-linux/:/home/allen/a1000-sdk/sysroots/x86_64-bstsdk-linux/usr/lib/aarch64-bst-linux/gcc/aarch64-bst-linux/8.3.0/:/home/allen/a1000-sdk/sysroots/x86_64-bstsdk-linux/usr/lib/aarch64-bst-linux/gcc/aarch64-bst-linux/
LIBRARY_PATH=/home/allen/a1000-sdk/sysroots/x86_64-bstsdk-linux/usr/lib/aarch64-bst-linux/gcc/aarch64-bst-linux/8.3.0/:/home/allen/a1000-sdk/sysroots/aarch64-bst-linux/lib/:/home/allen/a1000-sdk/sysroots/aarch64-bst-linux/usr/lib/aarch64-bst-linux/8.3.0/:/home/allen/a1000-sdk/sysroots/aarch64-bst-linux/usr/lib/
COLLECT_GCC_OPTIONS='--sysroot=/home/allen/a1000-sdk/sysroots/aarch64-bst-linux' '-O2' '-pipe' '-g' '-feliminate-unused-debug-types' '-v' '-o' 'CMakeFiles/cmTC_ddcaa.dir/CMakeCXXCompilerABI.cpp.o' '-c' '-shared-libgcc' '-mlittle-endian' '-mabi=lp64'
Linking CXX executable cmTC_ddcaa
/home/allen/a1000-sdk/sysroots/x86_64-bstsdk-linux/usr/bin/cmake -E cmake_link_script CMakeFiles/cmTC_ddcaa.dir/link.txt --verbose=1
/home/allen/a1000-sdk/sysroots/x86_64-bstsdk-linux/usr/bin/aarch64-bst-linux/aarch64-bst-linux-g++   --sysroot=/home/allen/a1000-sdk/sysroots/aarch64-bst-linux --sysroot=/home/allen/a1000-sdk/sysroots/aarch64-bst-linux   -O2 -pipe -g -feliminate-unused-debug-types    -Wl,-O1 -Wl,--hash-style=gnu -Wl,--as-needed -v CMakeFiles/cmTC_ddcaa.dir/CMakeCXXCompilerABI.cpp.o  -o cmTC_ddcaa 
Using built-in specs.
COLLECT_GCC=/home/allen/a1000-sdk/sysroots/x86_64-bstsdk-linux/usr/bin/aarch64-bst-linux/aarch64-bst-linux-g++
COLLECT_LTO_WRAPPER=/home/allen/a1000-sdk/sysroots/x86_64-bstsdk-linux/usr/libexec/aarch64-bst-linux/gcc/aarch64-bst-linux/8.3.0/lto-wrapper
Target: aarch64-bst-linux
Configured with: ../../../../../../work-shared/gcc-8.3.0-r0/gcc-8.3.0/configure --build=x86_64-linux --host=x86_64-bstsdk-linux --target=aarch64-bst-linux --prefix=/opt/bstos/0.3.0-/sysroots/x86_64-bstsdk-linux/usr --exec_prefix=/opt/bstos/0.3.0-/sysroots/x86_64-bstsdk-linux/usr --bindir=/opt/bstos/0.3.0-/sysroots/x86_64-bstsdk-linux/usr/bin/aarch64-bst-linux --sbindir=/opt/bstos/0.3.0-/sysroots/x86_64-bstsdk-linux/usr/bin/aarch64-bst-linux --libexecdir=/opt/bstos/0.3.0-/sysroots/x86_64-bstsdk-linux/usr/libexec/aarch64-bst-linux --datadir=/opt/bstos/0.3.0-/sysroots/x86_64-bstsdk-linux/usr/share --sysconfdir=/opt/bstos/0.3.0-/sysroots/x86_64-bstsdk-linux/etc --sharedstatedir=/opt/bstos/0.3.0-/sysroots/x86_64-bstsdk-linux/com --localstatedir=/opt/bstos/0.3.0-/sysroots/x86_64-bstsdk-linux/var --libdir=/opt/bstos/0.3.0-/sysroots/x86_64-bstsdk-linux/usr/lib/aarch64-bst-linux --includedir=/opt/bstos/0.3.0-/sysroots/x86_64-bstsdk-linux/usr/include --oldincludedir=/opt/bstos/0.3.0-/sysroots/x86_64-bstsdk-linux/usr/include --infodir=/opt/bstos/0.3.0-/sysroots/x86_64-bstsdk-linux/usr/share/info --mandir=/opt/bstos/0.3.0-/sysroots/x86_64-bstsdk-linux/usr/share/man --disable-silent-rules --disable-dependency-tracking --with-libtool-sysroot=/var/lib/jenkins/workspace/middleware_bstos_a1000/bstos/build/tmp/work/x86_64-nativesdk-bstsdk-linux/gcc-cross-canadian-aarch64/8.3.0-r0/recipe-sysroot --with-gnu-ld --enable-shared --enable-languages=c,c++ --enable-threads=posix --enable-multilib --enable-c99 --enable-long-long --enable-symvers=gnu --enable-libstdcxx-pch --program-prefix=aarch64-bst-linux- --without-local-prefix --enable-lto --disable-libssp --enable-libitm --disable-bootstrap --disable-libmudflap --with-system-zlib --with-linker-hash-style=gnu --enable-linker-build-id --with-ppl=no --with-cloog=no --enable-checking=release --enable-cheaders=c_global --without-isl --with-gxx-include-dir=/not/exist/usr/include/c++/8.3.0 --with-build-time-tools=/var/lib/jenkins/workspace/middleware_bstos_a1000/bstos/build/tmp/work/x86_64-nativesdk-bstsdk-linux/gcc-cross-canadian-aarch64/8.3.0-r0/recipe-sysroot-native/usr/aarch64-bst-linux/bin --with-sysroot=/not/exist --with-build-sysroot=/var/lib/jenkins/workspace/middleware_bstos_a1000/bstos/build/tmp/work/x86_64-nativesdk-bstsdk-linux/gcc-cross-canadian-aarch64/8.3.0-r0/recipe-sysroot --without-long-double-128 libgcc_cv_powerpc_float128=no --enable-poison-system-directories --enable-nls --with-glibc-version=2.28 --enable-initfini-array --enable-__cxa_atexit
Thread model: posix
gcc version 8.3.0 (GCC) 
COMPILER_PATH=/home/allen/a1000-sdk/sysroots/x86_64-bstsdk-linux/usr/libexec/aarch64-bst-linux/gcc/aarch64-bst-linux/8.3.0/:/home/allen/a1000-sdk/sysroots/x86_64-bstsdk-linux/usr/libexec/aarch64-bst-linux/gcc/aarch64-bst-linux/8.3.0/:/home/allen/a1000-sdk/sysroots/x86_64-bstsdk-linux/usr/libexec/aarch64-bst-linux/gcc/aarch64-bst-linux/:/home/allen/a1000-sdk/sysroots/x86_64-bstsdk-linux/usr/lib/aarch64-bst-linux/gcc/aarch64-bst-linux/8.3.0/:/home/allen/a1000-sdk/sysroots/x86_64-bstsdk-linux/usr/lib/aarch64-bst-linux/gcc/aarch64-bst-linux/
LIBRARY_PATH=/home/allen/a1000-sdk/sysroots/x86_64-bstsdk-linux/usr/lib/aarch64-bst-linux/gcc/aarch64-bst-linux/8.3.0/:/home/allen/a1000-sdk/sysroots/aarch64-bst-linux/lib/:/home/allen/a1000-sdk/sysroots/aarch64-bst-linux/usr/lib/aarch64-bst-linux/8.3.0/:/home/allen/a1000-sdk/sysroots/aarch64-bst-linux/usr/lib/
COLLECT_GCC_OPTIONS='--sysroot=/home/allen/a1000-sdk/sysroots/aarch64-bst-linux' '-O2' '-pipe' '-g' '-feliminate-unused-debug-types' '-v' '-o' 'cmTC_ddcaa' '-shared-libgcc' '-mlittle-endian' '-mabi=lp64'
 /home/allen/a1000-sdk/sysroots/x86_64-bstsdk-linux/usr/libexec/aarch64-bst-linux/gcc/aarch64-bst-linux/8.3.0/collect2 -plugin /home/allen/a1000-sdk/sysroots/x86_64-bstsdk-linux/usr/libexec/aarch64-bst-linux/gcc/aarch64-bst-linux/8.3.0/liblto_plugin.so -plugin-opt=/home/allen/a1000-sdk/sysroots/x86_64-bstsdk-linux/usr/libexec/aarch64-bst-linux/gcc/aarch64-bst-linux/8.3.0/lto-wrapper -plugin-opt=-fresolution=/tmp/ccnYGPAA.res -plugin-opt=-pass-through=-lgcc_s -plugin-opt=-pass-through=-lgcc -plugin-opt=-pass-through=-lc -plugin-opt=-pass-through=-lgcc_s -plugin-opt=-pass-through=-lgcc --sysroot=/home/allen/a1000-sdk/sysroots/aarch64-bst-linux --build-id --eh-frame-hdr --hash-style=gnu -dynamic-linker /lib/ld-linux-aarch64.so.1 -X -EL -maarch64linux -o cmTC_ddcaa /home/allen/a1000-sdk/sysroots/aarch64-bst-linux/usr/lib/crt1.o /home/allen/a1000-sdk/sysroots/aarch64-bst-linux/usr/lib/crti.o /home/allen/a1000-sdk/sysroots/aarch64-bst-linux/usr/lib/aarch64-bst-linux/8.3.0/crtbegin.o -L/home/allen/a1000-sdk/sysroots/x86_64-bstsdk-linux/usr/lib/aarch64-bst-linux/gcc/aarch64-bst-linux/8.3.0 -L/home/allen/a1000-sdk/sysroots/aarch64-bst-linux/lib -L/home/allen/a1000-sdk/sysroots/aarch64-bst-linux/usr/lib/aarch64-bst-linux/8.3.0 -L/home/allen/a1000-sdk/sysroots/aarch64-bst-linux/usr/lib -O1 --hash-style=gnu --as-needed CMakeFiles/cmTC_ddcaa.dir/CMakeCXXCompilerABI.cpp.o -lstdc++ -lm -lgcc_s -lgcc -lc -lgcc_s -lgcc /home/allen/a1000-sdk/sysroots/aarch64-bst-linux/usr/lib/aarch64-bst-linux/8.3.0/crtend.o /home/allen/a1000-sdk/sysroots/aarch64-bst-linux/usr/lib/crtn.o
COLLECT_GCC_OPTIONS='--sysroot=/home/allen/a1000-sdk/sysroots/aarch64-bst-linux' '-O2' '-pipe' '-g' '-feliminate-unused-debug-types' '-v' '-o' 'cmTC_ddcaa' '-shared-libgcc' '-mlittle-endian' '-mabi=lp64'
make[1]: Leaving directory '/home/allen/ipcamera/onvif/build/CMakeFiles/CMakeTmp'


Parsed CXX implicit include dir info from above output: rv=done
  found start of include info
  found start of implicit include info
    add: [/home/allen/a1000-sdk/sysroots/aarch64-bst-linux/usr/include/c++/8.3.0]
    add: [/home/allen/a1000-sdk/sysroots/aarch64-bst-linux/usr/include/c++/8.3.0/aarch64-bst-linux]
    add: [/home/allen/a1000-sdk/sysroots/aarch64-bst-linux/usr/include/c++/8.3.0/backward]
    add: [/home/allen/a1000-sdk/sysroots/x86_64-bstsdk-linux/usr/lib/aarch64-bst-linux/gcc/aarch64-bst-linux/8.3.0/include]
    add: [/home/allen/a1000-sdk/sysroots/x86_64-bstsdk-linux/usr/lib/aarch64-bst-linux/gcc/aarch64-bst-linux/8.3.0/include-fixed]
    add: [/home/allen/a1000-sdk/sysroots/aarch64-bst-linux/usr/include/]
  end of search list found
  collapse include dir [/home/allen/a1000-sdk/sysroots/aarch64-bst-linux/usr/include/c++/8.3.0] ==> [/home/allen/a1000-sdk/sysroots/aarch64-bst-linux/usr/include/c++/8.3.0]
  collapse include dir [/home/allen/a1000-sdk/sysroots/aarch64-bst-linux/usr/include/c++/8.3.0/aarch64-bst-linux] ==> [/home/allen/a1000-sdk/sysroots/aarch64-bst-linux/usr/include/c++/8.3.0/aarch64-bst-linux]
  collapse include dir [/home/allen/a1000-sdk/sysroots/aarch64-bst-linux/usr/include/c++/8.3.0/backward] ==> [/home/allen/a1000-sdk/sysroots/aarch64-bst-linux/usr/include/c++/8.3.0/backward]
  collapse include dir [/home/allen/a1000-sdk/sysroots/x86_64-bstsdk-linux/usr/lib/aarch64-bst-linux/gcc/aarch64-bst-linux/8.3.0/include] ==> [/home/allen/a1000-sdk/sysroots/x86_64-bstsdk-linux/usr/lib/aarch64-bst-linux/gcc/aarch64-bst-linux/8.3.0/include]
  collapse include dir [/home/allen/a1000-sdk/sysroots/x86_64-bstsdk-linux/usr/lib/aarch64-bst-linux/gcc/aarch64-bst-linux/8.3.0/include-fixed] ==> [/home/allen/a1000-sdk/sysroots/x86_64-bstsdk-linux/usr/lib/aarch64-bst-linux/gcc/aarch64-bst-linux/8.3.0/include-fixed]
  collapse include dir [/home/allen/a1000-sdk/sysroots/aarch64-bst-linux/usr/include/] ==> [/home/allen/a1000-sdk/sysroots/aarch64-bst-linux/usr/include]
  implicit include dirs: [/home/allen/a1000-sdk/sysroots/aarch64-bst-linux/usr/include/c++/8.3.0;/home/allen/a1000-sdk/sysroots/aarch64-bst-linux/usr/include/c++/8.3.0/aarch64-bst-linux;/home/allen/a1000-sdk/sysroots/aarch64-bst-linux/usr/include/c++/8.3.0/backward;/home/allen/a1000-sdk/sysroots/x86_64-bstsdk-linux/usr/lib/aarch64-bst-linux/gcc/aarch64-bst-linux/8.3.0/include;/home/allen/a1000-sdk/sysroots/x86_64-bstsdk-linux/usr/lib/aarch64-bst-linux/gcc/aarch64-bst-linux/8.3.0/include-fixed;/home/allen/a1000-sdk/sysroots/aarch64-bst-linux/usr/include]


Parsed CXX implicit link information from above output:
  link line regex: [^( *|.*[/\])(aarch64-bst-linux-ld|CMAKE_LINK_STARTFILE-NOTFOUND|([^/\]+-)?ld|collect2)[^/\]*( |$)]
  ignore line: [Change Dir: /home/allen/ipcamera/onvif/build/CMakeFiles/CMakeTmp]
  ignore line: []
  ignore line: [Run Build Command(s):/usr/bin/make cmTC_ddcaa/fast ]
  ignore line: [/usr/bin/make -f CMakeFiles/cmTC_ddcaa.dir/build.make CMakeFiles/cmTC_ddcaa.dir/build]
  ignore line: [make[1]: Entering directory '/home/allen/ipcamera/onvif/build/CMakeFiles/CMakeTmp']
  ignore line: [Building CXX object CMakeFiles/cmTC_ddcaa.dir/CMakeCXXCompilerABI.cpp.o]
  ignore line: [/home/allen/a1000-sdk/sysroots/x86_64-bstsdk-linux/usr/bin/aarch64-bst-linux/aarch64-bst-linux-g++   --sysroot=/home/allen/a1000-sdk/sysroots/aarch64-bst-linux --sysroot=/home/allen/a1000-sdk/sysroots/aarch64-bst-linux    -O2 -pipe -g -feliminate-unused-debug-types     -v -o CMakeFiles/cmTC_ddcaa.dir/CMakeCXXCompilerABI.cpp.o -c /home/allen/a1000-sdk/sysroots/x86_64-bstsdk-linux/usr/share/cmake-3.14/Modules/CMakeCXXCompilerABI.cpp]
  ignore line: [Using built-in specs.]
  ignore line: [COLLECT_GCC=/home/allen/a1000-sdk/sysroots/x86_64-bstsdk-linux/usr/bin/aarch64-bst-linux/aarch64-bst-linux-g++]
  ignore line: [Target: aarch64-bst-linux]
  ignore line: [Configured with: ../../../../../../work-shared/gcc-8.3.0-r0/gcc-8.3.0/configure --build=x86_64-linux --host=x86_64-bstsdk-linux --target=aarch64-bst-linux --prefix=/opt/bstos/0.3.0-/sysroots/x86_64-bstsdk-linux/usr --exec_prefix=/opt/bstos/0.3.0-/sysroots/x86_64-bstsdk-linux/usr --bindir=/opt/bstos/0.3.0-/sysroots/x86_64-bstsdk-linux/usr/bin/aarch64-bst-linux --sbindir=/opt/bstos/0.3.0-/sysroots/x86_64-bstsdk-linux/usr/bin/aarch64-bst-linux --libexecdir=/opt/bstos/0.3.0-/sysroots/x86_64-bstsdk-linux/usr/libexec/aarch64-bst-linux --datadir=/opt/bstos/0.3.0-/sysroots/x86_64-bstsdk-linux/usr/share --sysconfdir=/opt/bstos/0.3.0-/sysroots/x86_64-bstsdk-linux/etc --sharedstatedir=/opt/bstos/0.3.0-/sysroots/x86_64-bstsdk-linux/com --localstatedir=/opt/bstos/0.3.0-/sysroots/x86_64-bstsdk-linux/var --libdir=/opt/bstos/0.3.0-/sysroots/x86_64-bstsdk-linux/usr/lib/aarch64-bst-linux --includedir=/opt/bstos/0.3.0-/sysroots/x86_64-bstsdk-linux/usr/include --oldincludedir=/opt/bstos/0.3.0-/sysroots/x86_64-bstsdk-linux/usr/include --infodir=/opt/bstos/0.3.0-/sysroots/x86_64-bstsdk-linux/usr/share/info --mandir=/opt/bstos/0.3.0-/sysroots/x86_64-bstsdk-linux/usr/share/man --disable-silent-rules --disable-dependency-tracking --with-libtool-sysroot=/var/lib/jenkins/workspace/middleware_bstos_a1000/bstos/build/tmp/work/x86_64-nativesdk-bstsdk-linux/gcc-cross-canadian-aarch64/8.3.0-r0/recipe-sysroot --with-gnu-ld --enable-shared --enable-languages=c,c++ --enable-threads=posix --enable-multilib --enable-c99 --enable-long-long --enable-symvers=gnu --enable-libstdcxx-pch --program-prefix=aarch64-bst-linux- --without-local-prefix --enable-lto --disable-libssp --enable-libitm --disable-bootstrap --disable-libmudflap --with-system-zlib --with-linker-hash-style=gnu --enable-linker-build-id --with-ppl=no --with-cloog=no --enable-checking=release --enable-cheaders=c_global --without-isl --with-gxx-include-dir=/not/exist/usr/include/c++/8.3.0 --with-build-time-tools=/var/lib/jenkins/workspace/middleware_bstos_a1000/bstos/build/tmp/work/x86_64-nativesdk-bstsdk-linux/gcc-cross-canadian-aarch64/8.3.0-r0/recipe-sysroot-native/usr/aarch64-bst-linux/bin --with-sysroot=/not/exist --with-build-sysroot=/var/lib/jenkins/workspace/middleware_bstos_a1000/bstos/build/tmp/work/x86_64-nativesdk-bstsdk-linux/gcc-cross-canadian-aarch64/8.3.0-r0/recipe-sysroot --without-long-double-128 libgcc_cv_powerpc_float128=no --enable-poison-system-directories --enable-nls --with-glibc-version=2.28 --enable-initfini-array --enable-__cxa_atexit]
  ignore line: [Thread model: posix]
  ignore line: [gcc version 8.3.0 (GCC) ]
  ignore line: [COLLECT_GCC_OPTIONS='--sysroot=/home/allen/a1000-sdk/sysroots/aarch64-bst-linux' '-O2' '-pipe' '-g' '-feliminate-unused-debug-types' '-v' '-o' 'CMakeFiles/cmTC_ddcaa.dir/CMakeCXXCompilerABI.cpp.o' '-c' '-shared-libgcc' '-mlittle-endian' '-mabi=lp64']
  ignore line: [ /home/allen/a1000-sdk/sysroots/x86_64-bstsdk-linux/usr/libexec/aarch64-bst-linux/gcc/aarch64-bst-linux/8.3.0/cc1plus -quiet -v -isysroot /home/allen/a1000-sdk/sysroots/aarch64-bst-linux -D_GNU_SOURCE /home/allen/a1000-sdk/sysroots/x86_64-bstsdk-linux/usr/share/cmake-3.14/Modules/CMakeCXXCompilerABI.cpp -quiet -dumpbase CMakeCXXCompilerABI.cpp -mlittle-endian -mabi=lp64 -auxbase-strip CMakeFiles/cmTC_ddcaa.dir/CMakeCXXCompilerABI.cpp.o -g -O2 -version -feliminate-unused-debug-types -o - |]
  ignore line: [ /home/allen/a1000-sdk/sysroots/x86_64-bstsdk-linux/usr/libexec/aarch64-bst-linux/gcc/aarch64-bst-linux/8.3.0/as -v -EL -mabi=lp64 -o CMakeFiles/cmTC_ddcaa.dir/CMakeCXXCompilerABI.cpp.o]
  ignore line: [GNU assembler version 2.32.0 (aarch64-bst-linux) using BFD version (GNU Binutils) 2.32.0.20190204]
  ignore line: [GNU C++14 (GCC) version 8.3.0 (aarch64-bst-linux)]
  ignore line: [	compiled by GNU C version 8.3.0, GMP version 6.1.2, MPFR version 4.0.2, MPC version 1.1.0, isl version none]
  ignore line: [GGC heuristics: --param ggc-min-expand=100 --param ggc-min-heapsize=131072]
  ignore line: [ignoring nonexistent directory "/home/allen/a1000-sdk/sysroots/aarch64-bst-linux/usr/lib/gcc/aarch64-bst-linux/8.3.0/include"]
  ignore line: [ignoring nonexistent directory "/home/allen/a1000-sdk/sysroots/aarch64-bst-linux/usr/local/include"]
  ignore line: [ignoring nonexistent directory "/home/allen/a1000-sdk/sysroots/x86_64-bstsdk-linux/usr/lib/aarch64-bst-linux/gcc/aarch64-bst-linux/8.3.0/../../../../../aarch64-bst-linux/include"]
  ignore line: [#include "..." search starts here:]
  ignore line: [#include <...> search starts here:]
  ignore line: [ /home/allen/a1000-sdk/sysroots/aarch64-bst-linux/usr/include/c++/8.3.0]
  ignore line: [ /home/allen/a1000-sdk/sysroots/aarch64-bst-linux/usr/include/c++/8.3.0/aarch64-bst-linux]
  ignore line: [ /home/allen/a1000-sdk/sysroots/aarch64-bst-linux/usr/include/c++/8.3.0/backward]
  ignore line: [ /home/allen/a1000-sdk/sysroots/x86_64-bstsdk-linux/usr/lib/aarch64-bst-linux/gcc/aarch64-bst-linux/8.3.0/include]
  ignore line: [ /home/allen/a1000-sdk/sysroots/x86_64-bstsdk-linux/usr/lib/aarch64-bst-linux/gcc/aarch64-bst-linux/8.3.0/include-fixed]
  ignore line: [ /home/allen/a1000-sdk/sysroots/aarch64-bst-linux/usr/include/]
  ignore line: [End of search list.]
  ignore line: [GNU C++14 (GCC) version 8.3.0 (aarch64-bst-linux)]
  ignore line: [	compiled by GNU C version 8.3.0, GMP version 6.1.2, MPFR version 4.0.2, MPC version 1.1.0, isl version none]
  ignore line: [GGC heuristics: --param ggc-min-expand=100 --param ggc-min-heapsize=131072]
  ignore line: [Compiler executable checksum: 6d263a4ffab655d95408968675288ef9]
  ignore line: [COMPILER_PATH=/home/allen/a1000-sdk/sysroots/x86_64-bstsdk-linux/usr/libexec/aarch64-bst-linux/gcc/aarch64-bst-linux/8.3.0/:/home/allen/a1000-sdk/sysroots/x86_64-bstsdk-linux/usr/libexec/aarch64-bst-linux/gcc/aarch64-bst-linux/8.3.0/:/home/allen/a1000-sdk/sysroots/x86_64-bstsdk-linux/usr/libexec/aarch64-bst-linux/gcc/aarch64-bst-linux/:/home/allen/a1000-sdk/sysroots/x86_64-bstsdk-linux/usr/lib/aarch64-bst-linux/gcc/aarch64-bst-linux/8.3.0/:/home/allen/a1000-sdk/sysroots/x86_64-bstsdk-linux/usr/lib/aarch64-bst-linux/gcc/aarch64-bst-linux/]
  ignore line: [LIBRARY_PATH=/home/allen/a1000-sdk/sysroots/x86_64-bstsdk-linux/usr/lib/aarch64-bst-linux/gcc/aarch64-bst-linux/8.3.0/:/home/allen/a1000-sdk/sysroots/aarch64-bst-linux/lib/:/home/allen/a1000-sdk/sysroots/aarch64-bst-linux/usr/lib/aarch64-bst-linux/8.3.0/:/home/allen/a1000-sdk/sysroots/aarch64-bst-linux/usr/lib/]
  ignore line: [COLLECT_GCC_OPTIONS='--sysroot=/home/allen/a1000-sdk/sysroots/aarch64-bst-linux' '-O2' '-pipe' '-g' '-feliminate-unused-debug-types' '-v' '-o' 'CMakeFiles/cmTC_ddcaa.dir/CMakeCXXCompilerABI.cpp.o' '-c' '-shared-libgcc' '-mlittle-endian' '-mabi=lp64']
  ignore line: [Linking CXX executable cmTC_ddcaa]
  ignore line: [/home/allen/a1000-sdk/sysroots/x86_64-bstsdk-linux/usr/bin/cmake -E cmake_link_script CMakeFiles/cmTC_ddcaa.dir/link.txt --verbose=1]
  ignore line: [/home/allen/a1000-sdk/sysroots/x86_64-bstsdk-linux/usr/bin/aarch64-bst-linux/aarch64-bst-linux-g++   --sysroot=/home/allen/a1000-sdk/sysroots/aarch64-bst-linux --sysroot=/home/allen/a1000-sdk/sysroots/aarch64-bst-linux   -O2 -pipe -g -feliminate-unused-debug-types    -Wl,-O1 -Wl,--hash-style=gnu -Wl,--as-needed -v CMakeFiles/cmTC_ddcaa.dir/CMakeCXXCompilerABI.cpp.o  -o cmTC_ddcaa ]
  ignore line: [Using built-in specs.]
  ignore line: [COLLECT_GCC=/home/allen/a1000-sdk/sysroots/x86_64-bstsdk-linux/usr/bin/aarch64-bst-linux/aarch64-bst-linux-g++]
  ignore line: [COLLECT_LTO_WRAPPER=/home/allen/a1000-sdk/sysroots/x86_64-bstsdk-linux/usr/libexec/aarch64-bst-linux/gcc/aarch64-bst-linux/8.3.0/lto-wrapper]
  ignore line: [Target: aarch64-bst-linux]
  ignore line: [Configured with: ../../../../../../work-shared/gcc-8.3.0-r0/gcc-8.3.0/configure --build=x86_64-linux --host=x86_64-bstsdk-linux --target=aarch64-bst-linux --prefix=/opt/bstos/0.3.0-/sysroots/x86_64-bstsdk-linux/usr --exec_prefix=/opt/bstos/0.3.0-/sysroots/x86_64-bstsdk-linux/usr --bindir=/opt/bstos/0.3.0-/sysroots/x86_64-bstsdk-linux/usr/bin/aarch64-bst-linux --sbindir=/opt/bstos/0.3.0-/sysroots/x86_64-bstsdk-linux/usr/bin/aarch64-bst-linux --libexecdir=/opt/bstos/0.3.0-/sysroots/x86_64-bstsdk-linux/usr/libexec/aarch64-bst-linux --datadir=/opt/bstos/0.3.0-/sysroots/x86_64-bstsdk-linux/usr/share --sysconfdir=/opt/bstos/0.3.0-/sysroots/x86_64-bstsdk-linux/etc --sharedstatedir=/opt/bstos/0.3.0-/sysroots/x86_64-bstsdk-linux/com --localstatedir=/opt/bstos/0.3.0-/sysroots/x86_64-bstsdk-linux/var --libdir=/opt/bstos/0.3.0-/sysroots/x86_64-bstsdk-linux/usr/lib/aarch64-bst-linux --includedir=/opt/bstos/0.3.0-/sysroots/x86_64-bstsdk-linux/usr/include --oldincludedir=/opt/bstos/0.3.0-/sysroots/x86_64-bstsdk-linux/usr/include --infodir=/opt/bstos/0.3.0-/sysroots/x86_64-bstsdk-linux/usr/share/info --mandir=/opt/bstos/0.3.0-/sysroots/x86_64-bstsdk-linux/usr/share/man --disable-silent-rules --disable-dependency-tracking --with-libtool-sysroot=/var/lib/jenkins/workspace/middleware_bstos_a1000/bstos/build/tmp/work/x86_64-nativesdk-bstsdk-linux/gcc-cross-canadian-aarch64/8.3.0-r0/recipe-sysroot --with-gnu-ld --enable-shared --enable-languages=c,c++ --enable-threads=posix --enable-multilib --enable-c99 --enable-long-long --enable-symvers=gnu --enable-libstdcxx-pch --program-prefix=aarch64-bst-linux- --without-local-prefix --enable-lto --disable-libssp --enable-libitm --disable-bootstrap --disable-libmudflap --with-system-zlib --with-linker-hash-style=gnu --enable-linker-build-id --with-ppl=no --with-cloog=no --enable-checking=release --enable-cheaders=c_global --without-isl --with-gxx-include-dir=/not/exist/usr/include/c++/8.3.0 --with-build-time-tools=/var/lib/jenkins/workspace/middleware_bstos_a1000/bstos/build/tmp/work/x86_64-nativesdk-bstsdk-linux/gcc-cross-canadian-aarch64/8.3.0-r0/recipe-sysroot-native/usr/aarch64-bst-linux/bin --with-sysroot=/not/exist --with-build-sysroot=/var/lib/jenkins/workspace/middleware_bstos_a1000/bstos/build/tmp/work/x86_64-nativesdk-bstsdk-linux/gcc-cross-canadian-aarch64/8.3.0-r0/recipe-sysroot --without-long-double-128 libgcc_cv_powerpc_float128=no --enable-poison-system-directories --enable-nls --with-glibc-version=2.28 --enable-initfini-array --enable-__cxa_atexit]
  ignore line: [Thread model: posix]
  ignore line: [gcc version 8.3.0 (GCC) ]
  ignore line: [COMPILER_PATH=/home/allen/a1000-sdk/sysroots/x86_64-bstsdk-linux/usr/libexec/aarch64-bst-linux/gcc/aarch64-bst-linux/8.3.0/:/home/allen/a1000-sdk/sysroots/x86_64-bstsdk-linux/usr/libexec/aarch64-bst-linux/gcc/aarch64-bst-linux/8.3.0/:/home/allen/a1000-sdk/sysroots/x86_64-bstsdk-linux/usr/libexec/aarch64-bst-linux/gcc/aarch64-bst-linux/:/home/allen/a1000-sdk/sysroots/x86_64-bstsdk-linux/usr/lib/aarch64-bst-linux/gcc/aarch64-bst-linux/8.3.0/:/home/allen/a1000-sdk/sysroots/x86_64-bstsdk-linux/usr/lib/aarch64-bst-linux/gcc/aarch64-bst-linux/]
  ignore line: [LIBRARY_PATH=/home/allen/a1000-sdk/sysroots/x86_64-bstsdk-linux/usr/lib/aarch64-bst-linux/gcc/aarch64-bst-linux/8.3.0/:/home/allen/a1000-sdk/sysroots/aarch64-bst-linux/lib/:/home/allen/a1000-sdk/sysroots/aarch64-bst-linux/usr/lib/aarch64-bst-linux/8.3.0/:/home/allen/a1000-sdk/sysroots/aarch64-bst-linux/usr/lib/]
  ignore line: [COLLECT_GCC_OPTIONS='--sysroot=/home/allen/a1000-sdk/sysroots/aarch64-bst-linux' '-O2' '-pipe' '-g' '-feliminate-unused-debug-types' '-v' '-o' 'cmTC_ddcaa' '-shared-libgcc' '-mlittle-endian' '-mabi=lp64']
  link line: [ /home/allen/a1000-sdk/sysroots/x86_64-bstsdk-linux/usr/libexec/aarch64-bst-linux/gcc/aarch64-bst-linux/8.3.0/collect2 -plugin /home/allen/a1000-sdk/sysroots/x86_64-bstsdk-linux/usr/libexec/aarch64-bst-linux/gcc/aarch64-bst-linux/8.3.0/liblto_plugin.so -plugin-opt=/home/allen/a1000-sdk/sysroots/x86_64-bstsdk-linux/usr/libexec/aarch64-bst-linux/gcc/aarch64-bst-linux/8.3.0/lto-wrapper -plugin-opt=-fresolution=/tmp/ccnYGPAA.res -plugin-opt=-pass-through=-lgcc_s -plugin-opt=-pass-through=-lgcc -plugin-opt=-pass-through=-lc -plugin-opt=-pass-through=-lgcc_s -plugin-opt=-pass-through=-lgcc --sysroot=/home/allen/a1000-sdk/sysroots/aarch64-bst-linux --build-id --eh-frame-hdr --hash-style=gnu -dynamic-linker /lib/ld-linux-aarch64.so.1 -X -EL -maarch64linux -o cmTC_ddcaa /home/allen/a1000-sdk/sysroots/aarch64-bst-linux/usr/lib/crt1.o /home/allen/a1000-sdk/sysroots/aarch64-bst-linux/usr/lib/crti.o /home/allen/a1000-sdk/sysroots/aarch64-bst-linux/usr/lib/aarch64-bst-linux/8.3.0/crtbegin.o -L/home/allen/a1000-sdk/sysroots/x86_64-bstsdk-linux/usr/lib/aarch64-bst-linux/gcc/aarch64-bst-linux/8.3.0 -L/home/allen/a1000-sdk/sysroots/aarch64-bst-linux/lib -L/home/allen/a1000-sdk/sysroots/aarch64-bst-linux/usr/lib/aarch64-bst-linux/8.3.0 -L/home/allen/a1000-sdk/sysroots/aarch64-bst-linux/usr/lib -O1 --hash-style=gnu --as-needed CMakeFiles/cmTC_ddcaa.dir/CMakeCXXCompilerABI.cpp.o -lstdc++ -lm -lgcc_s -lgcc -lc -lgcc_s -lgcc /home/allen/a1000-sdk/sysroots/aarch64-bst-linux/usr/lib/aarch64-bst-linux/8.3.0/crtend.o /home/allen/a1000-sdk/sysroots/aarch64-bst-linux/usr/lib/crtn.o]
    arg [/home/allen/a1000-sdk/sysroots/x86_64-bstsdk-linux/usr/libexec/aarch64-bst-linux/gcc/aarch64-bst-linux/8.3.0/collect2] ==> ignore
    arg [-plugin] ==> ignore
    arg [/home/allen/a1000-sdk/sysroots/x86_64-bstsdk-linux/usr/libexec/aarch64-bst-linux/gcc/aarch64-bst-linux/8.3.0/liblto_plugin.so] ==> ignore
    arg [-plugin-opt=/home/allen/a1000-sdk/sysroots/x86_64-bstsdk-linux/usr/libexec/aarch64-bst-linux/gcc/aarch64-bst-linux/8.3.0/lto-wrapper] ==> ignore
    arg [-plugin-opt=-fresolution=/tmp/ccnYGPAA.res] ==> ignore
    arg [-plugin-opt=-pass-through=-lgcc_s] ==> ignore
    arg [-plugin-opt=-pass-through=-lgcc] ==> ignore
    arg [-plugin-opt=-pass-through=-lc] ==> ignore
    arg [-plugin-opt=-pass-through=-lgcc_s] ==> ignore
    arg [-plugin-opt=-pass-through=-lgcc] ==> ignore
    arg [--sysroot=/home/allen/a1000-sdk/sysroots/aarch64-bst-linux] ==> ignore
    arg [--build-id] ==> ignore
    arg [--eh-frame-hdr] ==> ignore
    arg [--hash-style=gnu] ==> ignore
    arg [-dynamic-linker] ==> ignore
    arg [/lib/ld-linux-aarch64.so.1] ==> ignore
    arg [-X] ==> ignore
    arg [-EL] ==> ignore
    arg [-maarch64linux] ==> ignore
    arg [-o] ==> ignore
    arg [cmTC_ddcaa] ==> ignore
    arg [/home/allen/a1000-sdk/sysroots/aarch64-bst-linux/usr/lib/crt1.o] ==> ignore
    arg [/home/allen/a1000-sdk/sysroots/aarch64-bst-linux/usr/lib/crti.o] ==> ignore
    arg [/home/allen/a1000-sdk/sysroots/aarch64-bst-linux/usr/lib/aarch64-bst-linux/8.3.0/crtbegin.o] ==> ignore
    arg [-L/home/allen/a1000-sdk/sysroots/x86_64-bstsdk-linux/usr/lib/aarch64-bst-linux/gcc/aarch64-bst-linux/8.3.0] ==> dir [/home/allen/a1000-sdk/sysroots/x86_64-bstsdk-linux/usr/lib/aarch64-bst-linux/gcc/aarch64-bst-linux/8.3.0]
    arg [-L/home/allen/a1000-sdk/sysroots/aarch64-bst-linux/lib] ==> dir [/home/allen/a1000-sdk/sysroots/aarch64-bst-linux/lib]
    arg [-L/home/allen/a1000-sdk/sysroots/aarch64-bst-linux/usr/lib/aarch64-bst-linux/8.3.0] ==> dir [/home/allen/a1000-sdk/sysroots/aarch64-bst-linux/usr/lib/aarch64-bst-linux/8.3.0]
    arg [-L/home/allen/a1000-sdk/sysroots/aarch64-bst-linux/usr/lib] ==> dir [/home/allen/a1000-sdk/sysroots/aarch64-bst-linux/usr/lib]
    arg [-O1] ==> ignore
    arg [--hash-style=gnu] ==> ignore
    arg [--as-needed] ==> ignore
    arg [CMakeFiles/cmTC_ddcaa.dir/CMakeCXXCompilerABI.cpp.o] ==> ignore
    arg [-lstdc++] ==> lib [stdc++]
    arg [-lm] ==> lib [m]
    arg [-lgcc_s] ==> lib [gcc_s]
    arg [-lgcc] ==> lib [gcc]
    arg [-lc] ==> lib [c]
    arg [-lgcc_s] ==> lib [gcc_s]
    arg [-lgcc] ==> lib [gcc]
    arg [/home/allen/a1000-sdk/sysroots/aarch64-bst-linux/usr/lib/aarch64-bst-linux/8.3.0/crtend.o] ==> ignore
    arg [/home/allen/a1000-sdk/sysroots/aarch64-bst-linux/usr/lib/crtn.o] ==> ignore
  collapse library dir [/home/allen/a1000-sdk/sysroots/x86_64-bstsdk-linux/usr/lib/aarch64-bst-linux/gcc/aarch64-bst-linux/8.3.0] ==> [/home/allen/a1000-sdk/sysroots/x86_64-bstsdk-linux/usr/lib/aarch64-bst-linux/gcc/aarch64-bst-linux/8.3.0]
  collapse library dir [/home/allen/a1000-sdk/sysroots/aarch64-bst-linux/lib] ==> [/home/allen/a1000-sdk/sysroots/aarch64-bst-linux/lib]
  collapse library dir [/home/allen/a1000-sdk/sysroots/aarch64-bst-linux/usr/lib/aarch64-bst-linux/8.3.0] ==> [/home/allen/a1000-sdk/sysroots/aarch64-bst-linux/usr/lib/aarch64-bst-linux/8.3.0]
  collapse library dir [/home/allen/a1000-sdk/sysroots/aarch64-bst-linux/usr/lib] ==> [/home/allen/a1000-sdk/sysroots/aarch64-bst-linux/usr/lib]
  implicit libs: [stdc++;m;gcc_s;gcc;c;gcc_s;gcc]
  implicit dirs: [/home/allen/a1000-sdk/sysroots/x86_64-bstsdk-linux/usr/lib/aarch64-bst-linux/gcc/aarch64-bst-linux/8.3.0;/home/allen/a1000-sdk/sysroots/aarch64-bst-linux/lib;/home/allen/a1000-sdk/sysroots/aarch64-bst-linux/usr/lib/aarch64-bst-linux/8.3.0;/home/allen/a1000-sdk/sysroots/aarch64-bst-linux/usr/lib]
  implicit fwks: []




Detecting CXX [-std=c++2a] compiler features compiled with the following output:
Change Dir: /home/allen/ipcamera/onvif/build/CMakeFiles/CMakeTmp

Run Build Command(s):/usr/bin/make cmTC_48e4a/fast 
/usr/bin/make -f CMakeFiles/cmTC_48e4a.dir/build.make CMakeFiles/cmTC_48e4a.dir/build
make[1]: Entering directory '/home/allen/ipcamera/onvif/build/CMakeFiles/CMakeTmp'
Building CXX object CMakeFiles/cmTC_48e4a.dir/feature_tests.cxx.o
/home/allen/a1000-sdk/sysroots/x86_64-bstsdk-linux/usr/bin/aarch64-bst-linux/aarch64-bst-linux-g++   --sysroot=/home/allen/a1000-sdk/sysroots/aarch64-bst-linux --sysroot=/home/allen/a1000-sdk/sysroots/aarch64-bst-linux    -O2 -pipe -g -feliminate-unused-debug-types     -std=c++2a -o CMakeFiles/cmTC_48e4a.dir/feature_tests.cxx.o -c /home/allen/ipcamera/onvif/build/CMakeFiles/feature_tests.cxx
Linking CXX executable cmTC_48e4a
/home/allen/a1000-sdk/sysroots/x86_64-bstsdk-linux/usr/bin/cmake -E cmake_link_script CMakeFiles/cmTC_48e4a.dir/link.txt --verbose=1
/home/allen/a1000-sdk/sysroots/x86_64-bstsdk-linux/usr/bin/aarch64-bst-linux/aarch64-bst-linux-g++   --sysroot=/home/allen/a1000-sdk/sysroots/aarch64-bst-linux --sysroot=/home/allen/a1000-sdk/sysroots/aarch64-bst-linux   -O2 -pipe -g -feliminate-unused-debug-types    -Wl,-O1 -Wl,--hash-style=gnu -Wl,--as-needed  CMakeFiles/cmTC_48e4a.dir/feature_tests.cxx.o  -o cmTC_48e4a 
make[1]: Leaving directory '/home/allen/ipcamera/onvif/build/CMakeFiles/CMakeTmp'


    Feature record: CXX_FEATURE:1cxx_aggregate_default_initializers
    Feature record: CXX_FEATURE:1cxx_alias_templates
    Feature record: CXX_FEATURE:1cxx_alignas
    Feature record: CXX_FEATURE:1cxx_alignof
    Feature record: CXX_FEATURE:1cxx_attributes
    Feature record: CXX_FEATURE:1cxx_attribute_deprecated
    Feature record: CXX_FEATURE:1cxx_auto_type
    Feature record: CXX_FEATURE:1cxx_binary_literals
    Feature record: CXX_FEATURE:1cxx_constexpr
    Feature record: CXX_FEATURE:1cxx_contextual_conversions
    Feature record: CXX_FEATURE:1cxx_decltype
    Feature record: CXX_FEATURE:1cxx_decltype_auto
    Feature record: CXX_FEATURE:1cxx_decltype_incomplete_return_types
    Feature record: CXX_FEATURE:1cxx_default_function_template_args
    Feature record: CXX_FEATURE:1cxx_defaulted_functions
    Feature record: CXX_FEATURE:1cxx_defaulted_move_initializers
    Feature record: CXX_FEATURE:1cxx_delegating_constructors
    Feature record: CXX_FEATURE:1cxx_deleted_functions
    Feature record: CXX_FEATURE:1cxx_digit_separators
    Feature record: CXX_FEATURE:1cxx_enum_forward_declarations
    Feature record: CXX_FEATURE:1cxx_explicit_conversions
    Feature record: CXX_FEATURE:1cxx_extended_friend_declarations
    Feature record: CXX_FEATURE:1cxx_extern_templates
    Feature record: CXX_FEATURE:1cxx_final
    Feature record: CXX_FEATURE:1cxx_func_identifier
    Feature record: CXX_FEATURE:1cxx_generalized_initializers
    Feature record: CXX_FEATURE:1cxx_generic_lambdas
    Feature record: CXX_FEATURE:1cxx_inheriting_constructors
    Feature record: CXX_FEATURE:1cxx_inline_namespaces
    Feature record: CXX_FEATURE:1cxx_lambdas
    Feature record: CXX_FEATURE:1cxx_lambda_init_captures
    Feature record: CXX_FEATURE:1cxx_local_type_template_args
    Feature record: CXX_FEATURE:1cxx_long_long_type
    Feature record: CXX_FEATURE:1cxx_noexcept
    Feature record: CXX_FEATURE:1cxx_nonstatic_member_init
    Feature record: CXX_FEATURE:1cxx_nullptr
    Feature record: CXX_FEATURE:1cxx_override
    Feature record: CXX_FEATURE:1cxx_range_for
    Feature record: CXX_FEATURE:1cxx_raw_string_literals
    Feature record: CXX_FEATURE:1cxx_reference_qualified_functions
    Feature record: CXX_FEATURE:1cxx_relaxed_constexpr
    Feature record: CXX_FEATURE:1cxx_return_type_deduction
    Feature record: CXX_FEATURE:1cxx_right_angle_brackets
    Feature record: CXX_FEATURE:1cxx_rvalue_references
    Feature record: CXX_FEATURE:1cxx_sizeof_member
    Feature record: CXX_FEATURE:1cxx_static_assert
    Feature record: CXX_FEATURE:1cxx_strong_enums
    Feature record: CXX_FEATURE:1cxx_template_template_parameters
    Feature record: CXX_FEATURE:1cxx_thread_local
    Feature record: CXX_FEATURE:1cxx_trailing_return_types
    Feature record: CXX_FEATURE:1cxx_unicode_literals
    Feature record: CXX_FEATURE:1cxx_uniform_initialization
    Feature record: CXX_FEATURE:1cxx_unrestricted_unions
    Feature record: CXX_FEATURE:1cxx_user_literals
    Feature record: CXX_FEATURE:1cxx_variable_templates
    Feature record: CXX_FEATURE:1cxx_variadic_macros
    Feature record: CXX_FEATURE:1cxx_variadic_templates


Detecting CXX [-std=c++17] compiler features compiled with the following output:
Change Dir: /home/allen/ipcamera/onvif/build/CMakeFiles/CMakeTmp

Run Build Command(s):/usr/bin/make cmTC_cd5b3/fast 
/usr/bin/make -f CMakeFiles/cmTC_cd5b3.dir/build.make CMakeFiles/cmTC_cd5b3.dir/build
make[1]: Entering directory '/home/allen/ipcamera/onvif/build/CMakeFiles/CMakeTmp'
Building CXX object CMakeFiles/cmTC_cd5b3.dir/feature_tests.cxx.o
/home/allen/a1000-sdk/sysroots/x86_64-bstsdk-linux/usr/bin/aarch64-bst-linux/aarch64-bst-linux-g++   --sysroot=/home/allen/a1000-sdk/sysroots/aarch64-bst-linux --sysroot=/home/allen/a1000-sdk/sysroots/aarch64-bst-linux    -O2 -pipe -g -feliminate-unused-debug-types     -std=c++17 -o CMakeFiles/cmTC_cd5b3.dir/feature_tests.cxx.o -c /home/allen/ipcamera/onvif/build/CMakeFiles/feature_tests.cxx
Linking CXX executable cmTC_cd5b3
/home/allen/a1000-sdk/sysroots/x86_64-bstsdk-linux/usr/bin/cmake -E cmake_link_script CMakeFiles/cmTC_cd5b3.dir/link.txt --verbose=1
/home/allen/a1000-sdk/sysroots/x86_64-bstsdk-linux/usr/bin/aarch64-bst-linux/aarch64-bst-linux-g++   --sysroot=/home/allen/a1000-sdk/sysroots/aarch64-bst-linux --sysroot=/home/allen/a1000-sdk/sysroots/aarch64-bst-linux   -O2 -pipe -g -feliminate-unused-debug-types    -Wl,-O1 -Wl,--hash-style=gnu -Wl,--as-needed  CMakeFiles/cmTC_cd5b3.dir/feature_tests.cxx.o  -o cmTC_cd5b3 
make[1]: Leaving directory '/home/allen/ipcamera/onvif/build/CMakeFiles/CMakeTmp'


    Feature record: CXX_FEATURE:1cxx_aggregate_default_initializers
    Feature record: CXX_FEATURE:1cxx_alias_templates
    Feature record: CXX_FEATURE:1cxx_alignas
    Feature record: CXX_FEATURE:1cxx_alignof
    Feature record: CXX_FEATURE:1cxx_attributes
    Feature record: CXX_FEATURE:1cxx_attribute_deprecated
    Feature record: CXX_FEATURE:1cxx_auto_type
    Feature record: CXX_FEATURE:1cxx_binary_literals
    Feature record: CXX_FEATURE:1cxx_constexpr
    Feature record: CXX_FEATURE:1cxx_contextual_conversions
    Feature record: CXX_FEATURE:1cxx_decltype
    Feature record: CXX_FEATURE:1cxx_decltype_auto
    Feature record: CXX_FEATURE:1cxx_decltype_incomplete_return_types
    Feature record: CXX_FEATURE:1cxx_default_function_template_args
    Feature record: CXX_FEATURE:1cxx_defaulted_functions
    Feature record: CXX_FEATURE:1cxx_defaulted_move_initializers
    Feature record: CXX_FEATURE:1cxx_delegating_constructors
    Feature record: CXX_FEATURE:1cxx_deleted_functions
    Feature record: CXX_FEATURE:1cxx_digit_separators
    Feature record: CXX_FEATURE:1cxx_enum_forward_declarations
    Feature record: CXX_FEATURE:1cxx_explicit_conversions
    Feature record: CXX_FEATURE:1cxx_extended_friend_declarations
    Feature record: CXX_FEATURE:1cxx_extern_templates
    Feature record: CXX_FEATURE:1cxx_final
    Feature record: CXX_FEATURE:1cxx_func_identifier
    Feature record: CXX_FEATURE:1cxx_generalized_initializers
    Feature record: CXX_FEATURE:1cxx_generic_lambdas
    Feature record: CXX_FEATURE:1cxx_inheriting_constructors
    Feature record: CXX_FEATURE:1cxx_inline_namespaces
    Feature record: CXX_FEATURE:1cxx_lambdas
    Feature record: CXX_FEATURE:1cxx_lambda_init_captures
    Feature record: CXX_FEATURE:1cxx_local_type_template_args
    Feature record: CXX_FEATURE:1cxx_long_long_type
    Feature record: CXX_FEATURE:1cxx_noexcept
    Feature record: CXX_FEATURE:1cxx_nonstatic_member_init
    Feature record: CXX_FEATURE:1cxx_nullptr
    Feature record: CXX_FEATURE:1cxx_override
    Feature record: CXX_FEATURE:1cxx_range_for
    Feature record: CXX_FEATURE:1cxx_raw_string_literals
    Feature record: CXX_FEATURE:1cxx_reference_qualified_functions
    Feature record: CXX_FEATURE:1cxx_relaxed_constexpr
    Feature record: CXX_FEATURE:1cxx_return_type_deduction
    Feature record: CXX_FEATURE:1cxx_right_angle_brackets
    Feature record: CXX_FEATURE:1cxx_rvalue_references
    Feature record: CXX_FEATURE:1cxx_sizeof_member
    Feature record: CXX_FEATURE:1cxx_static_assert
    Feature record: CXX_FEATURE:1cxx_strong_enums
    Feature record: CXX_FEATURE:1cxx_template_template_parameters
    Feature record: CXX_FEATURE:1cxx_thread_local
    Feature record: CXX_FEATURE:1cxx_trailing_return_types
    Feature record: CXX_FEATURE:1cxx_unicode_literals
    Feature record: CXX_FEATURE:1cxx_uniform_initialization
    Feature record: CXX_FEATURE:1cxx_unrestricted_unions
    Feature record: CXX_FEATURE:1cxx_user_literals
    Feature record: CXX_FEATURE:1cxx_variable_templates
    Feature record: CXX_FEATURE:1cxx_variadic_macros
    Feature record: CXX_FEATURE:1cxx_variadic_templates


Detecting CXX [-std=c++14] compiler features compiled with the following output:
Change Dir: /home/allen/ipcamera/onvif/build/CMakeFiles/CMakeTmp

Run Build Command(s):/usr/bin/make cmTC_43e74/fast 
/usr/bin/make -f CMakeFiles/cmTC_43e74.dir/build.make CMakeFiles/cmTC_43e74.dir/build
make[1]: Entering directory '/home/allen/ipcamera/onvif/build/CMakeFiles/CMakeTmp'
Building CXX object CMakeFiles/cmTC_43e74.dir/feature_tests.cxx.o
/home/allen/a1000-sdk/sysroots/x86_64-bstsdk-linux/usr/bin/aarch64-bst-linux/aarch64-bst-linux-g++   --sysroot=/home/allen/a1000-sdk/sysroots/aarch64-bst-linux --sysroot=/home/allen/a1000-sdk/sysroots/aarch64-bst-linux    -O2 -pipe -g -feliminate-unused-debug-types     -std=c++14 -o CMakeFiles/cmTC_43e74.dir/feature_tests.cxx.o -c /home/allen/ipcamera/onvif/build/CMakeFiles/feature_tests.cxx
Linking CXX executable cmTC_43e74
/home/allen/a1000-sdk/sysroots/x86_64-bstsdk-linux/usr/bin/cmake -E cmake_link_script CMakeFiles/cmTC_43e74.dir/link.txt --verbose=1
/home/allen/a1000-sdk/sysroots/x86_64-bstsdk-linux/usr/bin/aarch64-bst-linux/aarch64-bst-linux-g++   --sysroot=/home/allen/a1000-sdk/sysroots/aarch64-bst-linux --sysroot=/home/allen/a1000-sdk/sysroots/aarch64-bst-linux   -O2 -pipe -g -feliminate-unused-debug-types    -Wl,-O1 -Wl,--hash-style=gnu -Wl,--as-needed  CMakeFiles/cmTC_43e74.dir/feature_tests.cxx.o  -o cmTC_43e74 
make[1]: Leaving directory '/home/allen/ipcamera/onvif/build/CMakeFiles/CMakeTmp'


    Feature record: CXX_FEATURE:1cxx_aggregate_default_initializers
    Feature record: CXX_FEATURE:1cxx_alias_templates
    Feature record: CXX_FEATURE:1cxx_alignas
    Feature record: CXX_FEATURE:1cxx_alignof
    Feature record: CXX_FEATURE:1cxx_attributes
    Feature record: CXX_FEATURE:1cxx_attribute_deprecated
    Feature record: CXX_FEATURE:1cxx_auto_type
    Feature record: CXX_FEATURE:1cxx_binary_literals
    Feature record: CXX_FEATURE:1cxx_constexpr
    Feature record: CXX_FEATURE:1cxx_contextual_conversions
    Feature record: CXX_FEATURE:1cxx_decltype
    Feature record: CXX_FEATURE:1cxx_decltype_auto
    Feature record: CXX_FEATURE:1cxx_decltype_incomplete_return_types
    Feature record: CXX_FEATURE:1cxx_default_function_template_args
    Feature record: CXX_FEATURE:1cxx_defaulted_functions
    Feature record: CXX_FEATURE:1cxx_defaulted_move_initializers
    Feature record: CXX_FEATURE:1cxx_delegating_constructors
    Feature record: CXX_FEATURE:1cxx_deleted_functions
    Feature record: CXX_FEATURE:1cxx_digit_separators
    Feature record: CXX_FEATURE:1cxx_enum_forward_declarations
    Feature record: CXX_FEATURE:1cxx_explicit_conversions
    Feature record: CXX_FEATURE:1cxx_extended_friend_declarations
    Feature record: CXX_FEATURE:1cxx_extern_templates
    Feature record: CXX_FEATURE:1cxx_final
    Feature record: CXX_FEATURE:1cxx_func_identifier
    Feature record: CXX_FEATURE:1cxx_generalized_initializers
    Feature record: CXX_FEATURE:1cxx_generic_lambdas
    Feature record: CXX_FEATURE:1cxx_inheriting_constructors
    Feature record: CXX_FEATURE:1cxx_inline_namespaces
    Feature record: CXX_FEATURE:1cxx_lambdas
    Feature record: CXX_FEATURE:1cxx_lambda_init_captures
    Feature record: CXX_FEATURE:1cxx_local_type_template_args
    Feature record: CXX_FEATURE:1cxx_long_long_type
    Feature record: CXX_FEATURE:1cxx_noexcept
    Feature record: CXX_FEATURE:1cxx_nonstatic_member_init
    Feature record: CXX_FEATURE:1cxx_nullptr
    Feature record: CXX_FEATURE:1cxx_override
    Feature record: CXX_FEATURE:1cxx_range_for
    Feature record: CXX_FEATURE:1cxx_raw_string_literals
    Feature record: CXX_FEATURE:1cxx_reference_qualified_functions
    Feature record: CXX_FEATURE:1cxx_relaxed_constexpr
    Feature record: CXX_FEATURE:1cxx_return_type_deduction
    Feature record: CXX_FEATURE:1cxx_right_angle_brackets
    Feature record: CXX_FEATURE:1cxx_rvalue_references
    Feature record: CXX_FEATURE:1cxx_sizeof_member
    Feature record: CXX_FEATURE:1cxx_static_assert
    Feature record: CXX_FEATURE:1cxx_strong_enums
    Feature record: CXX_FEATURE:1cxx_template_template_parameters
    Feature record: CXX_FEATURE:1cxx_thread_local
    Feature record: CXX_FEATURE:1cxx_trailing_return_types
    Feature record: CXX_FEATURE:1cxx_unicode_literals
    Feature record: CXX_FEATURE:1cxx_uniform_initialization
    Feature record: CXX_FEATURE:1cxx_unrestricted_unions
    Feature record: CXX_FEATURE:1cxx_user_literals
    Feature record: CXX_FEATURE:1cxx_variable_templates
    Feature record: CXX_FEATURE:1cxx_variadic_macros
    Feature record: CXX_FEATURE:1cxx_variadic_templates


Detecting CXX [-std=c++11] compiler features compiled with the following output:
Change Dir: /home/allen/ipcamera/onvif/build/CMakeFiles/CMakeTmp

Run Build Command(s):/usr/bin/make cmTC_dfac8/fast 
/usr/bin/make -f CMakeFiles/cmTC_dfac8.dir/build.make CMakeFiles/cmTC_dfac8.dir/build
make[1]: Entering directory '/home/allen/ipcamera/onvif/build/CMakeFiles/CMakeTmp'
Building CXX object CMakeFiles/cmTC_dfac8.dir/feature_tests.cxx.o
/home/allen/a1000-sdk/sysroots/x86_64-bstsdk-linux/usr/bin/aarch64-bst-linux/aarch64-bst-linux-g++   --sysroot=/home/allen/a1000-sdk/sysroots/aarch64-bst-linux --sysroot=/home/allen/a1000-sdk/sysroots/aarch64-bst-linux    -O2 -pipe -g -feliminate-unused-debug-types     -std=c++11 -o CMakeFiles/cmTC_dfac8.dir/feature_tests.cxx.o -c /home/allen/ipcamera/onvif/build/CMakeFiles/feature_tests.cxx
Linking CXX executable cmTC_dfac8
/home/allen/a1000-sdk/sysroots/x86_64-bstsdk-linux/usr/bin/cmake -E cmake_link_script CMakeFiles/cmTC_dfac8.dir/link.txt --verbose=1
/home/allen/a1000-sdk/sysroots/x86_64-bstsdk-linux/usr/bin/aarch64-bst-linux/aarch64-bst-linux-g++   --sysroot=/home/allen/a1000-sdk/sysroots/aarch64-bst-linux --sysroot=/home/allen/a1000-sdk/sysroots/aarch64-bst-linux   -O2 -pipe -g -feliminate-unused-debug-types    -Wl,-O1 -Wl,--hash-style=gnu -Wl,--as-needed  CMakeFiles/cmTC_dfac8.dir/feature_tests.cxx.o  -o cmTC_dfac8 
make[1]: Leaving directory '/home/allen/ipcamera/onvif/build/CMakeFiles/CMakeTmp'


    Feature record: CXX_FEATURE:0cxx_aggregate_default_initializers
    Feature record: CXX_FEATURE:1cxx_alias_templates
    Feature record: CXX_FEATURE:1cxx_alignas
    Feature record: CXX_FEATURE:1cxx_alignof
    Feature record: CXX_FEATURE:1cxx_attributes
    Feature record: CXX_FEATURE:0cxx_attribute_deprecated
    Feature record: CXX_FEATURE:1cxx_auto_type
    Feature record: CXX_FEATURE:0cxx_binary_literals
    Feature record: CXX_FEATURE:1cxx_constexpr
    Feature record: CXX_FEATURE:0cxx_contextual_conversions
    Feature record: CXX_FEATURE:1cxx_decltype
    Feature record: CXX_FEATURE:0cxx_decltype_auto
    Feature record: CXX_FEATURE:1cxx_decltype_incomplete_return_types
    Feature record: CXX_FEATURE:1cxx_default_function_template_args
    Feature record: CXX_FEATURE:1cxx_defaulted_functions
    Feature record: CXX_FEATURE:1cxx_defaulted_move_initializers
    Feature record: CXX_FEATURE:1cxx_delegating_constructors
    Feature record: CXX_FEATURE:1cxx_deleted_functions
    Feature record: CXX_FEATURE:0cxx_digit_separators
    Feature record: CXX_FEATURE:1cxx_enum_forward_declarations
    Feature record: CXX_FEATURE:1cxx_explicit_conversions
    Feature record: CXX_FEATURE:1cxx_extended_friend_declarations
    Feature record: CXX_FEATURE:1cxx_extern_templates
    Feature record: CXX_FEATURE:1cxx_final
    Feature record: CXX_FEATURE:1cxx_func_identifier
    Feature record: CXX_FEATURE:1cxx_generalized_initializers
    Feature record: CXX_FEATURE:0cxx_generic_lambdas
    Feature record: CXX_FEATURE:1cxx_inheriting_constructors
    Feature record: CXX_FEATURE:1cxx_inline_namespaces
    Feature record: CXX_FEATURE:1cxx_lambdas
    Feature record: CXX_FEATURE:0cxx_lambda_init_captures
    Feature record: CXX_FEATURE:1cxx_local_type_template_args
    Feature record: CXX_FEATURE:1cxx_long_long_type
    Feature record: CXX_FEATURE:1cxx_noexcept
    Feature record: CXX_FEATURE:1cxx_nonstatic_member_init
    Feature record: CXX_FEATURE:1cxx_nullptr
    Feature record: CXX_FEATURE:1cxx_override
    Feature record: CXX_FEATURE:1cxx_range_for
    Feature record: CXX_FEATURE:1cxx_raw_string_literals
    Feature record: CXX_FEATURE:1cxx_reference_qualified_functions
    Feature record: CXX_FEATURE:0cxx_relaxed_constexpr
    Feature record: CXX_FEATURE:0cxx_return_type_deduction
    Feature record: CXX_FEATURE:1cxx_right_angle_brackets
    Feature record: CXX_FEATURE:1cxx_rvalue_references
    Feature record: CXX_FEATURE:1cxx_sizeof_member
    Feature record: CXX_FEATURE:1cxx_static_assert
    Feature record: CXX_FEATURE:1cxx_strong_enums
    Feature record: CXX_FEATURE:1cxx_template_template_parameters
    Feature record: CXX_FEATURE:1cxx_thread_local
    Feature record: CXX_FEATURE:1cxx_trailing_return_types
    Feature record: CXX_FEATURE:1cxx_unicode_literals
    Feature record: CXX_FEATURE:1cxx_uniform_initialization
    Feature record: CXX_FEATURE:1cxx_unrestricted_unions
    Feature record: CXX_FEATURE:1cxx_user_literals
    Feature record: CXX_FEATURE:0cxx_variable_templates
    Feature record: CXX_FEATURE:1cxx_variadic_macros
    Feature record: CXX_FEATURE:1cxx_variadic_templates


Detecting CXX [-std=c++98] compiler features compiled with the following output:
Change Dir: /home/allen/ipcamera/onvif/build/CMakeFiles/CMakeTmp

Run Build Command(s):/usr/bin/make cmTC_dfac9/fast 
/usr/bin/make -f CMakeFiles/cmTC_dfac9.dir/build.make CMakeFiles/cmTC_dfac9.dir/build
make[1]: Entering directory '/home/allen/ipcamera/onvif/build/CMakeFiles/CMakeTmp'
Building CXX object CMakeFiles/cmTC_dfac9.dir/feature_tests.cxx.o
/home/allen/a1000-sdk/sysroots/x86_64-bstsdk-linux/usr/bin/aarch64-bst-linux/aarch64-bst-linux-g++   --sysroot=/home/allen/a1000-sdk/sysroots/aarch64-bst-linux --sysroot=/home/allen/a1000-sdk/sysroots/aarch64-bst-linux    -O2 -pipe -g -feliminate-unused-debug-types     -std=c++98 -o CMakeFiles/cmTC_dfac9.dir/feature_tests.cxx.o -c /home/allen/ipcamera/onvif/build/CMakeFiles/feature_tests.cxx
Linking CXX executable cmTC_dfac9
/home/allen/a1000-sdk/sysroots/x86_64-bstsdk-linux/usr/bin/cmake -E cmake_link_script CMakeFiles/cmTC_dfac9.dir/link.txt --verbose=1
/home/allen/a1000-sdk/sysroots/x86_64-bstsdk-linux/usr/bin/aarch64-bst-linux/aarch64-bst-linux-g++   --sysroot=/home/allen/a1000-sdk/sysroots/aarch64-bst-linux --sysroot=/home/allen/a1000-sdk/sysroots/aarch64-bst-linux   -O2 -pipe -g -feliminate-unused-debug-types    -Wl,-O1 -Wl,--hash-style=gnu -Wl,--as-needed  CMakeFiles/cmTC_dfac9.dir/feature_tests.cxx.o  -o cmTC_dfac9 
make[1]: Leaving directory '/home/allen/ipcamera/onvif/build/CMakeFiles/CMakeTmp'


    Feature record: CXX_FEATURE:0cxx_aggregate_default_initializers
    Feature record: CXX_FEATURE:0cxx_alias_templates
    Feature record: CXX_FEATURE:0cxx_alignas
    Feature record: CXX_FEATURE:0cxx_alignof
    Feature record: CXX_FEATURE:0cxx_attributes
    Feature record: CXX_FEATURE:0cxx_attribute_deprecated
    Feature record: CXX_FEATURE:0cxx_auto_type
    Feature record: CXX_FEATURE:0cxx_binary_literals
    Feature record: CXX_FEATURE:0cxx_constexpr
    Feature record: CXX_FEATURE:0cxx_contextual_conversions
    Feature record: CXX_FEATURE:0cxx_decltype
    Feature record: CXX_FEATURE:0cxx_decltype_auto
    Feature record: CXX_FEATURE:0cxx_decltype_incomplete_return_types
    Feature record: CXX_FEATURE:0cxx_default_function_template_args
    Feature record: CXX_FEATURE:0cxx_defaulted_functions
    Feature record: CXX_FEATURE:0cxx_defaulted_move_initializers
    Feature record: CXX_FEATURE:0cxx_delegating_constructors
    Feature record: CXX_FEATURE:0cxx_deleted_functions
    Feature record: CXX_FEATURE:0cxx_digit_separators
    Feature record: CXX_FEATURE:0cxx_enum_forward_declarations
    Feature record: CXX_FEATURE:0cxx_explicit_conversions
    Feature record: CXX_FEATURE:0cxx_extended_friend_declarations
    Feature record: CXX_FEATURE:0cxx_extern_templates
    Feature record: CXX_FEATURE:0cxx_final
    Feature record: CXX_FEATURE:0cxx_func_identifier
    Feature record: CXX_FEATURE:0cxx_generalized_initializers
    Feature record: CXX_FEATURE:0cxx_generic_lambdas
    Feature record: CXX_FEATURE:0cxx_inheriting_constructors
    Feature record: CXX_FEATURE:0cxx_inline_namespaces
    Feature record: CXX_FEATURE:0cxx_lambdas
    Feature record: CXX_FEATURE:0cxx_lambda_init_captures
    Feature record: CXX_FEATURE:0cxx_local_type_template_args
    Feature record: CXX_FEATURE:0cxx_long_long_type
    Feature record: CXX_FEATURE:0cxx_noexcept
    Feature record: CXX_FEATURE:0cxx_nonstatic_member_init
    Feature record: CXX_FEATURE:0cxx_nullptr
    Feature record: CXX_FEATURE:0cxx_override
    Feature record: CXX_FEATURE:0cxx_range_for
    Feature record: CXX_FEATURE:0cxx_raw_string_literals
    Feature record: CXX_FEATURE:0cxx_reference_qualified_functions
    Feature record: CXX_FEATURE:0cxx_relaxed_constexpr
    Feature record: CXX_FEATURE:0cxx_return_type_deduction
    Feature record: CXX_FEATURE:0cxx_right_angle_brackets
    Feature record: CXX_FEATURE:0cxx_rvalue_references
    Feature record: CXX_FEATURE:0cxx_sizeof_member
    Feature record: CXX_FEATURE:0cxx_static_assert
    Feature record: CXX_FEATURE:0cxx_strong_enums
    Feature record: CXX_FEATURE:1cxx_template_template_parameters
    Feature record: CXX_FEATURE:0cxx_thread_local
    Feature record: CXX_FEATURE:0cxx_trailing_return_types
    Feature record: CXX_FEATURE:0cxx_unicode_literals
    Feature record: CXX_FEATURE:0cxx_uniform_initialization
    Feature record: CXX_FEATURE:0cxx_unrestricted_unions
    Feature record: CXX_FEATURE:0cxx_user_literals
    Feature record: CXX_FEATURE:0cxx_variable_templates
    Feature record: CXX_FEATURE:0cxx_variadic_macros
    Feature record: CXX_FEATURE:0cxx_variadic_templates
